This is pdfTeX, Version 3.1415926-2.3-1.40.12 (MiKTeX 2.9) (preloaded format=pdflatex 2021.6.15)  28 JUN 2021 20:46
entering extended mode
**thesisTemplateMain.tex

(D:\OneDrive\A_Study\A6_DataMining\数统院+杜兴兴+112020314201385\03_latex
\thesisTemplateMain.tex
LaTeX2e <2011/06/27>
Babel <v3.8m> and hyphenation patterns for loaded.
(D:\ProgramData\CTEX\MiKTeX\tex\latex\ctex\ctexbook.cls
Document Class: ctexbook 2011/03/11 v1.02c ctexbook document class
(D:\ProgramData\CTEX\MiKTeX\tex\latex\ctex\opt\ctex-common-opts.def)
(D:\ProgramData\CTEX\MiKTeX\tex\latex\ctex\opt\ctex-caption-opts.def
\c@CTEX@sectiondepth=\count79
)
(D:\ProgramData\CTEX\MiKTeX\tex\latex\ctex\opt\ctex-class-opts.def)
(D:\ProgramData\CTEX\CTeX\tex\latex\ctex\cfg\ctexopts.cfg)
(D:\ProgramData\CTEX\MiKTeX\tex\latex\ctex\def\ctex-loadclass.def
(D:\ProgramData\CTEX\MiKTeX\tex\latex\base\book.cls
Document Class: book 2007/10/19 v1.4h Standard LaTeX document class
(D:\ProgramData\CTEX\MiKTeX\tex\latex\base\bk10.clo
File: bk10.clo 2007/10/19 v1.4h Standard LaTeX file (size option)
)
\c@part=\count80
\c@chapter=\count81
\c@section=\count82
\c@subsection=\count83
\c@subsubsection=\count84
\c@paragraph=\count85
\c@subparagraph=\count86
\c@figure=\count87
\c@table=\count88
\abovecaptionskip=\skip41
\belowcaptionskip=\skip42
\bibindent=\dimen102
))
(D:\ProgramData\CTEX\MiKTeX\tex\latex\ctex\def\ctex-common.def
(D:\ProgramData\CTEX\MiKTeX\tex\latex\l3kernel\expl3.sty
(D:\ProgramData\CTEX\MiKTeX\tex\latex\l3kernel\l3names.sty
(D:\ProgramData\CTEX\MiKTeX\tex\latex\l3kernel\l3bootstrap.sty
Package: l3bootstrap 2011/12/29 v3110 L3 Experimental bootstrap code
)
Package: l3names 2011/12/30 v3113 L3 Experimental namespace for primitives
)
(D:\ProgramData\CTEX\MiKTeX\tex\latex\misc\etex.sty
Package: etex 1998/03/26 v2.0 eTeX basic definition package (PEB)
\et@xins=\count89
)
Package: expl3 2012/02/26 v3471 L3 Experimental code bundle wrapper

(D:\ProgramData\CTEX\MiKTeX\tex\latex\graphics\color.sty
Package: color 2005/11/14 v1.0j Standard LaTeX Color (DPC)

(D:\ProgramData\CTEX\MiKTeX\tex\latex\00miktex\color.cfg
File: color.cfg 2007/01/18 v1.5 color configuration of teTeX/TeXLive
)
Package color Info: Driver file: pdftex.def on input line 130.

(D:\ProgramData\CTEX\MiKTeX\tex\latex\pdftex-def\pdftex.def
File: pdftex.def 2011/05/27 v0.06d Graphics/color for pdfTeX

(D:\ProgramData\CTEX\MiKTeX\tex\generic\oberdiek\infwarerr.sty
Package: infwarerr 2010/04/08 v1.3 Providing info/warning/message (HO)
)
(D:\ProgramData\CTEX\MiKTeX\tex\generic\oberdiek\ltxcmds.sty
Package: ltxcmds 2011/04/18 v1.20 LaTeX kernel commands for general use (HO)
)
\Gread@gobject=\count90
))
(D:\ProgramData\CTEX\MiKTeX\tex\latex\graphics\graphics.sty
Package: graphics 2009/02/05 v1.0o Standard LaTeX Graphics (DPC,SPQR)

(D:\ProgramData\CTEX\MiKTeX\tex\latex\graphics\trig.sty
Package: trig 1999/03/16 v1.09 sin cos tan (DPC)
)
(D:\ProgramData\CTEX\MiKTeX\tex\latex\00miktex\graphics.cfg
File: graphics.cfg 2007/01/18 v1.5 graphics configuration of teTeX/TeXLive
)
Package graphics Info: Driver file: pdftex.def on input line 91.
)
(D:\ProgramData\CTEX\MiKTeX\tex\latex\l3kernel\l3basics.sty
Package: l3basics 2012/02/26 v3460 L3 Experimental basic definitions
)
(D:\ProgramData\CTEX\MiKTeX\tex\latex\l3kernel\l3expan.sty
Package: l3expan 2012/02/26 v3460 L3 Experimental argument expansion
)
(D:\ProgramData\CTEX\MiKTeX\tex\latex\l3kernel\l3tl.sty
Package: l3tl 2012/02/26 v3460 L3 Experimental token lists
)
(D:\ProgramData\CTEX\MiKTeX\tex\latex\l3kernel\l3seq.sty
Package: l3seq 2012/01/09 v3158 L3 Experimental sequences and stacks
)
(D:\ProgramData\CTEX\MiKTeX\tex\latex\l3kernel\l3int.sty
Package: l3int 2012/02/26 v3460 L3 Experimental integers
\c_max_int=\count91
\l_tmpa_int=\count92
\l_tmpb_int=\count93
\l_tmpc_int=\count94
\g_tmpa_int=\count95
\g_tmpb_int=\count96
)
(D:\ProgramData\CTEX\MiKTeX\tex\latex\l3kernel\l3quark.sty
Package: l3quark 2012/02/12 v3384 L3 Experimental quarks
)
(D:\ProgramData\CTEX\MiKTeX\tex\latex\l3kernel\l3prg.sty
Package: l3prg 2012/02/26 v3464 L3 Experimental control structures
\g_prg_map_int=\count97
)
(D:\ProgramData\CTEX\MiKTeX\tex\latex\l3kernel\l3clist.sty
Package: l3clist 2012/02/26 v3460 L3 Experimental comma separated lists
)
(D:\ProgramData\CTEX\MiKTeX\tex\latex\l3kernel\l3token.sty
Package: l3token 2012/02/26 v3460 L3 Experimental token manipulation
)
(D:\ProgramData\CTEX\MiKTeX\tex\latex\l3kernel\l3prop.sty
Package: l3prop 2012/02/26 v3460 L3 Experimental property lists
)
(D:\ProgramData\CTEX\MiKTeX\tex\latex\l3kernel\l3msg.sty
Package: l3msg 2012/02/26 v3470 L3 Experimental messages
)
(D:\ProgramData\CTEX\MiKTeX\tex\latex\l3kernel\l3file.sty
Package: l3file 2012/02/26 v3464 L3 Experimental file and I/O operations
\l_iow_stream_int=\count98
\l_iow_line_length_int=\count99
\l_iow_target_length_int=\count100
\l_iow_current_line_int=\count101
\l_iow_current_word_int=\count102
\l_iow_current_indentation_int=\count103
)
(D:\ProgramData\CTEX\MiKTeX\tex\latex\l3kernel\l3skip.sty
Package: l3skip 2012/02/26 v3460 L3 Experimental dimensions and skips
\l_tmpa_dim=\dimen103
\l_tmpb_dim=\dimen104
\l_tmpc_dim=\dimen105
\g_tmpa_dim=\dimen106
\g_tmpb_dim=\dimen107
\l_tmpa_skip=\skip43
\l_tmpb_skip=\skip44
\l_tmpc_skip=\skip45
\g_tmpa_skip=\skip46
\g_tmpb_skip=\skip47
)
(D:\ProgramData\CTEX\MiKTeX\tex\latex\l3kernel\l3keys.sty
Package: l3keys 2011/12/22 v3086 L3 Experimental key-value interfaces
\g_keyval_level_int=\count104
\l_keys_choice_int=\count105
)
(D:\ProgramData\CTEX\MiKTeX\tex\latex\l3kernel\l3fp.sty
Package: l3fp 2012/02/06 v3315 L3 Experimental floating-point operations
\c_one_million=\count106
\c_one_hundred_million=\count107
\c_five_hundred_million=\count108
\c_one_thousand_million=\count109
\c_fp_pi_by_four_decimal_int=\count110
\c_fp_pi_by_four_extended_int=\count111
\c_fp_pi_decimal_int=\count112
\c_fp_pi_extended_int=\count113
\c_fp_two_pi_decimal_int=\count114
\c_fp_two_pi_extended_int=\count115
\l_fp_count_int=\count116
\l_fp_div_offset_int=\count117
\l_fp_exp_integer_int=\count118
\l_fp_exp_decimal_int=\count119
\l_fp_exp_extended_int=\count120
\l_fp_exp_exponent_int=\count121
\l_fp_input_a_sign_int=\count122
\l_fp_input_a_integer_int=\count123
\l_fp_input_a_decimal_int=\count124
\l_fp_input_a_exponent_int=\count125
\l_fp_input_b_sign_int=\count126
\l_fp_input_b_integer_int=\count127
\l_fp_input_b_decimal_int=\count128
\l_fp_input_b_exponent_int=\count129
\l_fp_input_a_extended_int=\count130
\l_fp_input_b_extended_int=\count131
\l_fp_mul_a_i_int=\count132
\l_fp_mul_a_ii_int=\count133
\l_fp_mul_a_iii_int=\count134
\l_fp_mul_a_iv_int=\count135
\l_fp_mul_a_v_int=\count136
\l_fp_mul_a_vi_int=\count137
\l_fp_mul_b_i_int=\count138
\l_fp_mul_b_ii_int=\count139
\l_fp_mul_b_iii_int=\count140
\l_fp_mul_b_iv_int=\count141
\l_fp_mul_b_v_int=\count142
\l_fp_mul_b_vi_int=\count143
\l_fp_mul_output_int=\count144
\l_fp_output_sign_int=\count145
\l_fp_output_integer_int=\count146
\l_fp_output_decimal_int=\count147
\l_fp_output_exponent_int=\count148
\l_fp_output_extended_int=\count149
\l_fp_round_position_int=\count150
\l_fp_round_target_int=\count151
\l_fp_split_sign_int=\count152
\l_fp_internal_int=\count153
\l_fp_trig_octant_int=\count154
\l_fp_trig_sign_int=\count155
\l_fp_trig_decimal_int=\count156
\l_fp_trig_extended_int=\count157
\l_fp_internal_dim=\dimen108
\l_fp_internal_skip=\skip48
)
(D:\ProgramData\CTEX\MiKTeX\tex\latex\l3kernel\l3box.sty
Package: l3box 2012/02/18 v3432 L3 Experimental boxes
\l_tmpb_box=\box26
\l_box_top_dim=\dimen109
\l_box_bottom_dim=\dimen110
\l_box_left_dim=\dimen111
\l_box_right_dim=\dimen112
\l_box_top_new_dim=\dimen113
\l_box_bottom_new_dim=\dimen114
\l_box_left_new_dim=\dimen115
\l_box_right_new_dim=\dimen116
\l_box_internal_box=\box27
)
(D:\ProgramData\CTEX\MiKTeX\tex\latex\l3kernel\l3coffins.sty
Package: l3coffins 2012/02/26 v3460 L3 Experimental coffin code layer
\l_coffin_internal_box=\box28
\l_coffin_internal_dim=\dimen117
\l_coffin_offset_x_dim=\dimen118
\l_coffin_offset_y_dim=\dimen119
\l_coffin_x_dim=\dimen120
\l_coffin_y_dim=\dimen121
\l_coffin_x_prime_dim=\dimen122
\l_coffin_y_prime_dim=\dimen123
\l_coffin_Depth_dim=\dimen124
\l_coffin_Height_dim=\dimen125
\l_coffin_TotalHeight_dim=\dimen126
\l_coffin_Width_dim=\dimen127
\c_empty_coffin=\box29
\l_coffin_aligned_coffin=\box30
\l_coffin_aligned_internal_coffin=\box31
\l_coffin_bounding_shift_dim=\dimen128
\l_coffin_left_corner_dim=\dimen129
\l_coffin_right_corner_dim=\dimen130
\l_coffin_bottom_corner_dim=\dimen131
\l_coffin_top_corner_dim=\dimen132
\l_coffin_scaled_total_height_dim=\dimen133
\l_coffin_scaled_width_dim=\dimen134
\l_coffin_display_coffin=\box32
\l_coffin_display_coord_coffin=\box33
\l_coffin_display_pole_coffin=\box34
\l_coffin_display_offset_dim=\dimen135
\l_coffin_display_x_dim=\dimen136
\l_coffin_display_y_dim=\dimen137
)
(D:\ProgramData\CTEX\MiKTeX\tex\latex\l3kernel\l3color.sty
Package: l3color 2011/09/07 v2776 L3 Experimental colour support
)
(D:\ProgramData\CTEX\MiKTeX\tex\latex\l3kernel\l3luatex.sty
Package: l3luatex 2012/02/09 v3355 L3 Experimental LuaTeX-specific functions
\g_cctab_allocate_int=\count158
\g_cctab_stack_int=\count159
))
(D:\ProgramData\CTEX\MiKTeX\tex\latex\etoolbox\etoolbox.sty
Package: etoolbox 2011/01/03 v2.1 e-TeX tools for LaTeX
\etb@tempcnta=\count160
)
(D:\ProgramData\CTEX\MiKTeX\tex\generic\oberdiek\ifpdf.sty
Package: ifpdf 2011/01/30 v2.3 Provides the ifpdf switch (HO)
Package ifpdf Info: pdfTeX in PDF mode is detected.
)
(D:\ProgramData\CTEX\MiKTeX\tex\generic\ifxetex\ifxetex.sty
Package: ifxetex 2010/09/12 v0.6 Provides ifxetex conditional
)
(D:\ProgramData\CTEX\MiKTeX\tex\latex\graphics\keyval.sty
Package: keyval 1999/03/16 v1.13 key=value parser (DPC)
\KV@toks@=\toks14
)
(D:\ProgramData\CTEX\MiKTeX\tex\latex\tools\indentfirst.sty
Package: indentfirst 1995/11/23 v1.03 Indent first paragraph (DPC)
)
(D:\ProgramData\CTEX\MiKTeX\tex\latex\base\fix-cm.sty
Package: fix-cm 2006/09/13 v1.1m fixes to LaTeX

(D:\ProgramData\CTEX\MiKTeX\tex\latex\base\ts1enc.def
File: ts1enc.def 2001/06/05 v3.0e (jk/car/fm) Standard LaTeX file
))
(D:\ProgramData\CTEX\MiKTeX\tex\latex\ctex\engine\ctex-cjk-engine.def
(D:\ProgramData\CTEX\MiKTeX\tex\latex\cjk\CJK.sty
Package: CJK 2008/12/29 4.8.2

(D:\ProgramData\CTEX\MiKTeX\tex\latex\cjk\mule\MULEenc.sty
Package: MULEenc 2008/12/29 4.8.2
)
(D:\ProgramData\CTEX\MiKTeX\tex\latex\cjk\CJK.enc
File: CJK.enc 2008/12/29 4.8.2
)
LaTeX Info: Redefining \selectfont on input line 756.
\CJK@indent=\box35
)
(D:\ProgramData\CTEX\CTeX\tex\latex\CJKpunct\CJKpunct.sty
Package: CJKpunct 2010/02/21 4.8.2-2
\CJKpunct@cnta=\count161
\CJKpunct@cntb=\count162
\CJKpunct@cntc=\count163
\CJKpunct@cntd=\count164
\CJKpunct@cnte=\count165

(D:\ProgramData\CTEX\CTeX\tex\latex\CJKpunct\CJKpunct.spa))
(D:\ProgramData\CTEX\MiKTeX\tex\latex\ctex\engine\ctex-cjk-common.def
\ccwd=\dimen138
)
(D:\ProgramData\CTEX\MiKTeX\tex\latex\ctex\fontset\ctex-cjk-winfonts.def
(D:\ProgramData\CTEX\MiKTeX\tex\generic\zhmetrics\zhwinfonts.tex
(D:\ProgramData\CTEX\MiKTeX\tex\generic\oberdiek\ifpdf.sty
Package ifpdf Info: The package is already loaded, stopped on input line 64.
){D:/ProgramData/CTEX/UserData/pdftex/config/pdftex.map{Unicode.sfd}{UGBK.sfd}}
)))
\CTEX@q=\count166
\CTEX@r=\count167
)
(D:\ProgramData\CTEX\MiKTeX\tex\latex\ctex\def\ctex-caption.def)
(D:\ProgramData\CTEX\MiKTeX\tex\latex\ctex\def\ctex-class.def)
(D:\ProgramData\CTEX\MiKTeX\tex\latex\ctex\def\ctex-book.def))
(D:\ProgramData\CTEX\MiKTeX\tex\latex\ctex\def\ctex-gbk.def)
(D:\ProgramData\CTEX\MiKTeX\tex\latex\ctex\cfg\ctexcap.cfg
(D:\ProgramData\CTEX\MiKTeX\tex\latex\ctex\cfg\ctexcap-gbk.cfg))
(D:\ProgramData\CTEX\MiKTeX\tex\latex\ctex\cfg\ctex.cfg)
(D:\OneDrive\A_Study\A6_DataMining\数统院+杜兴兴+112020314201385\03_latex
\coverfigures/SWUthesis.sty

LaTeX Warning: You have requested package `coverfigures/SWUthesis',
               but the package provides `SWUthesis'.

Package: SWUthesis 2015/7/31 v1.0 SWU graduate thesis
SWU latex template thesis for graduate Version 1.0
(D:\ProgramData\CTEX\MiKTeX\tex\latex\pstricks\pstricks.sty
Package: pstricks 2011/10/31 v0.52 LaTeX wrapper for `PSTricks' (RN,HV)

(D:\ProgramData\CTEX\MiKTeX\tex\generic\pstricks\base\pstricks.tex
(D:\ProgramData\CTEX\MiKTeX\tex\generic\xkeyval\pst-xkey.tex
File: pst-xkey.tex 2005/11/25 v1.6 PSTricks specialization of xkeyval (HA)

(D:\ProgramData\CTEX\MiKTeX\tex\latex\xkeyval\xkeyval.sty
Package: xkeyval 2008/08/13 v2.6a package option processing (HA)

(D:\ProgramData\CTEX\MiKTeX\tex\generic\xkeyval\xkeyval.tex
\XKV@toks=\toks15
\XKV@tempa@toks=\toks16
\XKV@depth=\count168
File: xkeyval.tex 2008/08/13 v2.6a key=value parser (HA)
)))
(D:\ProgramData\CTEX\MiKTeX\tex\generic\pstricks\base\pst-fp.tex
`pst-fp' v0.05, 2010/01/17 (hv)
\pstFP@xs=\count169
\pstFP@xia=\count170
\pstFP@xib=\count171
\pstFP@xfa=\count172
\pstFP@xfb=\count173
\pstFP@rega=\count174
\pstFP@regb=\count175
\pstFP@regs=\count176
\pstFP@times=\count177
)
\psLoopIndex=\count178

`PSTricks' v2.24  <2012/02/09> (tvz)
\pst@dima=\dimen139
\pst@dimb=\dimen140
\pst@dimc=\dimen141
\pst@dimd=\dimen142
\pst@dimg=\dimen143
\pst@dimh=\dimen144
\pst@dimm=\dimen145
\pst@dimn=\dimen146
\pst@dimo=\dimen147
\pst@dimp=\dimen148
\pst@hbox=\box36
\pst@ibox=\box37
\pst@boxg=\box38
\pst@cnta=\count179
\pst@cntb=\count180
\pst@cntc=\count181
\pst@cntd=\count182
\pst@cntg=\count183
\pst@cnth=\count184
\pst@cntm=\count185
\pst@cntn=\count186
\pst@cnto=\count187
\pst@cntp=\count188
\@zero=\count189
\pst@toks=\toks17
(D:\ProgramData\CTEX\MiKTeX\tex\generic\pstricks\base\pstricks.con)
\psunit=\dimen149
\psxunit=\dimen150
\psyunit=\dimen151
\pst@C@@rType=\count190
\pslinewidth=\dimen152
\psk@startLW=\dimen153
\psk@endLW=\dimen154
\pst@customdefs=\toks18
\pslinearc=\dimen155
\pst@symbolStep=\dimen156
\pst@symbolWidth=\dimen157
\everypsbox=\toks19
\psframesep=\dimen158
\pslabelsep=\dimen159
\pst@shift=\dimen160
\theoverlaybox=\box39
)
File: pstricks.tex 2012/02/09 v2.24 `PSTricks' (tvz,hv)

(D:\ProgramData\CTEX\MiKTeX\tex\generic\pstricks\base\pst-fp.tex)
File: pst-fp.tex 2012/02/09 v2.24 `PST-fp' (hv)

(D:\ProgramData\CTEX\MiKTeX\tex\latex\xcolor\xcolor.sty
Package: xcolor 2007/01/21 v2.11 LaTeX color extensions (UK)

(D:\ProgramData\CTEX\MiKTeX\tex\latex\00miktex\color.cfg
File: color.cfg 2007/01/18 v1.5 color configuration of teTeX/TeXLive
)
Package xcolor Info: Driver file: pdftex.def on input line 225.
LaTeX Info: Redefining \color on input line 702.
Package xcolor Info: Model `cmy' substituted by `cmy0' on input line 1337.
Package xcolor Info: Model `hsb' substituted by `rgb' on input line 1341.
Package xcolor Info: Model `RGB' extended on input line 1353.
Package xcolor Info: Model `HTML' substituted by `rgb' on input line 1355.
Package xcolor Info: Model `Hsb' substituted by `hsb' on input line 1356.
Package xcolor Info: Model `tHsb' substituted by `hsb' on input line 1357.
Package xcolor Info: Model `HSB' substituted by `hsb' on input line 1358.
Package xcolor Info: Model `Gray' substituted by `gray' on input line 1359.
Package xcolor Info: Model `wave' substituted by `hsb' on input line 1360.
))
(D:\ProgramData\CTEX\MiKTeX\tex\latex\fancyhdr\fancyhdr.sty
\fancy@headwidth=\skip49
\f@ncyO@elh=\skip50
\f@ncyO@erh=\skip51
\f@ncyO@olh=\skip52
\f@ncyO@orh=\skip53
\f@ncyO@elf=\skip54
\f@ncyO@erf=\skip55
\f@ncyO@olf=\skip56
\f@ncyO@orf=\skip57
)
(D:\ProgramData\CTEX\MiKTeX\tex\latex\fancybox\fancybox.sty
Package: fancybox 2010/05/15 1.4

Style option: `fancybox' v1.4 <2010/05/15> (tvz)
\@fancybox=\box40
\shadowsize=\dimen161
\@Sbox=\box41
\do@VerbBox=\toks20
\the@fancyput=\toks21
\this@fancyput=\toks22
\EndVerbatimTokens=\toks23
\Verbatim@Outfile=\write3
\Verbatim@Infile=\read1
) (D:\ProgramData\CTEX\MiKTeX\tex\latex\graphics\graphicx.sty
Package: graphicx 1999/02/16 v1.0f Enhanced LaTeX Graphics (DPC,SPQR)
\Gin@req@height=\dimen162
\Gin@req@width=\dimen163
)
(D:\ProgramData\CTEX\MiKTeX\tex\latex\base\ifthen.sty
Package: ifthen 2001/05/26 v1.1c Standard LaTeX ifthen package (DPC)
)
(D:\ProgramData\CTEX\MiKTeX\tex\latex\lastpage\lastpage.sty
Package: lastpage 2011/09/01 v1.2k Refers to last page's name (HMM; JPG)
)
(D:\ProgramData\CTEX\MiKTeX\tex\latex\listings\listings.sty
\lst@mode=\count191
\lst@gtempboxa=\box42
\lst@token=\toks24
\lst@length=\count192
\lst@currlwidth=\dimen164
\lst@column=\count193
\lst@pos=\count194
\lst@lostspace=\dimen165
\lst@width=\dimen166
\lst@newlines=\count195
\lst@lineno=\count196
\lst@maxwidth=\dimen167

(D:\ProgramData\CTEX\MiKTeX\tex\latex\listings\lstmisc.sty
File: lstmisc.sty 2007/02/22 1.4 (Carsten Heinz)
\c@lstnumber=\count197
\lst@skipnumbers=\count198
\lst@framebox=\box43
)
(D:\ProgramData\CTEX\MiKTeX\tex\latex\listings\listings.cfg
File: listings.cfg 2007/02/22 1.4 listings configuration
))
Package: listings 2007/02/22 1.4 (Carsten Heinz)

(D:\ProgramData\CTEX\MiKTeX\tex\latex\appendix\appendix.sty
Package: appendix 2009/09/02 v1.2b extra appendix facilities
\c@@pps=\count199
\c@@ppsavesec=\count200
\c@@ppsaveapp=\count201
)
(D:\ProgramData\CTEX\MiKTeX\tex\latex\tools\enumerate.sty
Package: enumerate 1999/03/05 v3.00 enumerate extensions (DPC)
\@enLab=\toks25
)
(D:\ProgramData\CTEX\CTeX\tex\latex\ccmap\ccmap.sty
Package: ccmap 2006/11/18
\CCT@hooka@@=\toks26
)
(D:\ProgramData\CTEX\MiKTeX\tex\latex\ams\classes\amsthm.sty
Package: amsthm 2004/08/06 v2.20
\thm@style=\toks27
\thm@bodyfont=\toks28
\thm@headfont=\toks29
\thm@notefont=\toks30
\thm@headpunct=\toks31
\thm@preskip=\skip58
\thm@postskip=\skip59
\thm@headsep=\skip60
\dth@everypar=\toks32
)
(D:\ProgramData\CTEX\MiKTeX\tex\latex\amsfonts\amsfonts.sty
Package: amsfonts 2009/06/22 v3.00 Basic AMSFonts support
\@emptytoks=\toks33
\symAMSa=\mathgroup4
\symAMSb=\mathgroup5
LaTeX Font Info:    Overwriting math alphabet `\mathfrak' in version `bold'
(Font)                  U/euf/m/n --> U/euf/b/n on input line 96.
)
(D:\ProgramData\CTEX\MiKTeX\tex\latex\ams\math\amsmath.sty
Package: amsmath 2000/07/18 v2.13 AMS math features
\@mathmargin=\skip61

For additional information on amsmath, use the `?' option.
(D:\ProgramData\CTEX\MiKTeX\tex\latex\ams\math\amstext.sty
Package: amstext 2000/06/29 v2.01

(D:\ProgramData\CTEX\MiKTeX\tex\latex\ams\math\amsgen.sty
File: amsgen.sty 1999/11/30 v2.0
\@emptytoks=\toks34
\ex@=\dimen168
))
(D:\ProgramData\CTEX\MiKTeX\tex\latex\ams\math\amsbsy.sty
Package: amsbsy 1999/11/29 v1.2d
\pmbraise@=\dimen169
)
(D:\ProgramData\CTEX\MiKTeX\tex\latex\ams\math\amsopn.sty
Package: amsopn 1999/12/14 v2.01 operator names
)
Normal \count register pool exhausted, switching to extended pool.
\inf@bad=\count277
LaTeX Info: Redefining \frac on input line 211.
\uproot@=\count278
\leftroot@=\count279
LaTeX Info: Redefining \overline on input line 307.
\classnum@=\count280
\DOTSCASE@=\count281
LaTeX Info: Redefining \ldots on input line 379.
LaTeX Info: Redefining \dots on input line 382.
LaTeX Info: Redefining \cdots on input line 467.
\Mathstrutbox@=\box44
\strutbox@=\box45
\big@size=\dimen170
LaTeX Font Info:    Redeclaring font encoding OML on input line 567.
LaTeX Font Info:    Redeclaring font encoding OMS on input line 568.
\macc@depth=\count282
\c@MaxMatrixCols=\count283
\dotsspace@=\muskip10
\c@parentequation=\count284
\dspbrk@lvl=\count285
\tag@help=\toks35
\row@=\count286
\column@=\count287
\maxfields@=\count288
\andhelp@=\toks36
\eqnshift@=\dimen171
\alignsep@=\dimen172
\tagshift@=\dimen173
\tagwidth@=\dimen174
\totwidth@=\dimen175
\lineht@=\dimen176
\@envbody=\toks37
\multlinegap=\skip62
\multlinetaggap=\skip63
\mathdisplay@stack=\toks38
LaTeX Info: Redefining \[ on input line 2666.
LaTeX Info: Redefining \] on input line 2667.
)
(D:\ProgramData\CTEX\MiKTeX\tex\latex\tools\bm.sty
Package: bm 2004/02/26 v1.1c Bold Symbol Support (DPC/FMi)
\symboldoperators=\mathgroup6
\symboldletters=\mathgroup7
\symboldsymbols=\mathgroup8
LaTeX Font Info:    Redeclaring math alphabet \mathbf on input line 138.
LaTeX Info: Redefining \bm on input line 204.
)
(D:\ProgramData\CTEX\MiKTeX\tex\latex\amsfonts\amssymb.sty
Package: amssymb 2009/06/22 v3.00
)
(D:\ProgramData\CTEX\MiKTeX\tex\latex\jknappen\mathrsfs.sty
Package: mathrsfs 1996/01/01 Math RSFS package v1.0 (jk)
\symrsfs=\mathgroup9
)
(D:\ProgramData\CTEX\MiKTeX\tex\latex\base\latexsym.sty
Package: latexsym 1998/08/17 v2.2e Standard LaTeX package (lasy symbols)
\symlasy=\mathgroup10
LaTeX Font Info:    Overwriting symbol font `lasy' in version `bold'
(Font)                  U/lasy/m/n --> U/lasy/b/n on input line 47.
)
(D:\ProgramData\CTEX\MiKTeX\tex\latex\braket\braket.sty)
(D:\ProgramData\CTEX\MiKTeX\tex\latex\cases\cases.sty
Package: cases 2002/05/02 ver 2.5 
)
(D:\ProgramData\CTEX\MiKTeX\tex\latex\tools\verbatim.sty
Package: verbatim 2003/08/22 v1.5q LaTeX2e package for verbatim enhancements
\every@verbatim=\toks39
\verbatim@line=\toks40
\verbatim@in@stream=\read2
)
(D:\ProgramData\CTEX\MiKTeX\tex\latex\tools\multicol.sty
Package: multicol 2011/06/27 v1.7a multicolumn formatting (FMi)
\c@tracingmulticols=\count289
\mult@box=\box46
\multicol@leftmargin=\dimen177
\c@unbalance=\count290
\c@collectmore=\count291
\doublecol@number=\count292
\multicoltolerance=\count293
\multicolpretolerance=\count294
\full@width=\dimen178
\page@free=\dimen179
\premulticols=\dimen180
\postmulticols=\dimen181
\multicolsep=\skip64
\multicolbaselineskip=\skip65
\partial@page=\box47
\last@line=\box48
\mult@rightbox=\box49
\mult@grightbox=\box50
\mult@gfirstbox=\box51
\mult@firstbox=\box52
\@tempa=\box53
\@tempa=\box54
\@tempa=\box55
\@tempa=\box56
\@tempa=\box57
\@tempa=\box58
\@tempa=\box59
\@tempa=\box60
\@tempa=\box61
\@tempa=\box62
\@tempa=\box63
\@tempa=\box64
\@tempa=\box65
\@tempa=\box66
\@tempa=\box67
\@tempa=\box68
\@tempa=\box69
\c@columnbadness=\count295
\c@finalcolumnbadness=\count296
\last@try=\dimen182
\multicolovershoot=\dimen183
\multicolundershoot=\dimen184
\mult@nat@firstbox=\box70
\colbreak@box=\box71
\multicol@sort@counter=\count297
)
(D:\ProgramData\CTEX\MiKTeX\tex\latex\ccaption\ccaption.sty
Package: ccaption 2011/08/07 v3.2c Extended captioning and new floats
\@contcwidth=\skip66
\@contindw=\skip67
\abovelegendskip=\skip68
\belowlegendskip=\skip69
\c@newflo@tctr=\count298
)
(D:\ProgramData\CTEX\MiKTeX\tex\latex\caption\caption3.sty
Package: caption3 2011/11/01 v1.4a caption3 kernel (AR)
\captionmargin=\dimen185
\captionmargin@=\dimen186
\captionwidth=\dimen187
\caption@indent=\dimen188
\caption@parindent=\dimen189
\caption@hangindent=\dimen190
Package caption Info: Unknown document class (or package),
(caption)             standard defaults will be used.
)
(D:\ProgramData\CTEX\MiKTeX\tex\latex\subfigure\subfigure.sty
Package: subfigure 2002/07/30 v2.1.4 subfigure package
\subfigtopskip=\skip70
\subfigcapskip=\skip71
\subfigcaptopadj=\dimen191
\subfigbottomskip=\skip72
\subfigcapmargin=\dimen192
\subfiglabelskip=\skip73
\c@subfigure=\count299
\c@lofdepth=\count300
\c@subtable=\count301
\c@lotdepth=\count302

****************************************
* Local config file subfigure.cfg used *
****************************************
(D:\ProgramData\CTEX\MiKTeX\tex\latex\subfigure\subfigure.cfg)
\subfig@top=\skip74
\subfig@bottom=\skip75
)
(D:\ProgramData\CTEX\MiKTeX\tex\latex\tools\longtable.sty
Package: longtable 2004/02/01 v4.11 Multi-page Table package (DPC)
\LTleft=\skip76
\LTright=\skip77
\LTpre=\skip78
\LTpost=\skip79
\LTchunksize=\count303
\LTcapwidth=\dimen193
\LT@head=\box72
\LT@firsthead=\box73
\LT@foot=\box74
\LT@lastfoot=\box75
\LT@cols=\count304
\LT@rows=\count305
\c@LT@tables=\count306
\c@LT@chunks=\count307
\LT@p@ftn=\toks41
)
(D:\ProgramData\CTEX\MiKTeX\tex\latex\multirow\multirow.sty
\bigstrutjot=\dimen194
)
(D:\ProgramData\CTEX\MiKTeX\tex\latex\tools\hhline.sty
Package: hhline 1994/05/23 v2.03 Table rule package (DPC)
)
(D:\ProgramData\CTEX\MiKTeX\tex\latex\tools\tabularx.sty
Package: tabularx 1999/01/07 v2.07 `tabularx' package (DPC)

(D:\ProgramData\CTEX\MiKTeX\tex\latex\tools\array.sty
Package: array 2008/09/09 v2.4c Tabular extension package (FMi)
\col@sep=\dimen195
\extrarowheight=\dimen196
\NC@list=\toks42
\extratabsurround=\skip80
\backup@length=\skip81
)
\TX@col@width=\dimen197
\TX@old@table=\dimen198
\TX@old@col=\dimen199
\TX@target=\dimen200
\TX@delta=\dimen201
\TX@cols=\count308
\TX@ftn=\toks43
)
(D:\ProgramData\CTEX\MiKTeX\tex\latex\slashbox\slashbox.sty
slashbox style by K.Yasuoka, May 1993.
\@slashboxa=\box76
\@slashboxb=\box77
\@slashboxc=\box78
\@slashboxwd=\count309
\@slashboxht=\count310
Normal \dimen register pool exhausted, switching to extended pool.
\@slashsepl=\dimen256
\@slashsepr=\dimen257
) (D:\ProgramData\CTEX\MiKTeX\tex\latex\rotating\rotating.sty
Package: rotating 2009/03/28 v2.16a rotated objects in LaTeX
\c@r@tfl@t=\count311
\rotFPtop=\skip82
\rotFPbot=\skip83
\rot@float@box=\box79
\rot@mess@toks=\toks44
)
(D:\ProgramData\CTEX\MiKTeX\tex\latex\base\flafter.sty
Package: flafter 2000/07/23 v1.2i Standard LaTeX floats after reference (FMi)
)
(D:\ProgramData\CTEX\MiKTeX\tex\latex\psnfss\pifont.sty
Package: pifont 2005/04/12 PSNFSS-v9.2a Pi font support (SPQR) 
LaTeX Font Info:    Try loading font information for U+pzd on input line 63.

(D:\ProgramData\CTEX\MiKTeX\tex\latex\psnfss\upzd.fd
File: upzd.fd 2001/06/04 font definitions for U/pzd.
)

LaTeX Warning: File u.cmap not found on input line 63.

LaTeX Font Info:    Try loading font information for U+psy on input line 64.
(D:\ProgramData\CTEX\MiKTeX\tex\latex\psnfss\upsy.fd
File: upsy.fd 2001/06/04 font definitions for U/psy.
))
(D:\ProgramData\CTEX\MiKTeX\tex\latex\tools\calc.sty
Package: calc 2007/08/22 v4.3 Infix arithmetic (KKT,FJ)
\calc@Acount=\count312
\calc@Bcount=\count313
\calc@Adimen=\dimen258
\calc@Bdimen=\dimen259
\calc@Askip=\skip84
\calc@Bskip=\skip85
LaTeX Info: Redefining \setlength on input line 76.
LaTeX Info: Redefining \addtolength on input line 77.
\calc@Ccount=\count314
\calc@Cskip=\skip86
)
(D:\ProgramData\CTEX\MiKTeX\tex\latex\colortbl\colortbl.sty
Package: colortbl 2001/02/13 v0.1j Color table columns (DPC)
\everycr=\toks45
\minrowclearance=\skip87
)
(D:\ProgramData\CTEX\MiKTeX\tex\latex\booktabs\booktabs.sty
Package: booktabs 2005/04/14 v1.61803 publication quality tables
\heavyrulewidth=\dimen260
\lightrulewidth=\dimen261
\cmidrulewidth=\dimen262
\belowrulesep=\dimen263
\belowbottomsep=\dimen264
\aboverulesep=\dimen265
\abovetopsep=\dimen266
\cmidrulesep=\dimen267
\cmidrulekern=\dimen268
\defaultaddspace=\dimen269
\@cmidla=\count315
\@cmidlb=\count316
\@aboverulesep=\dimen270
\@belowrulesep=\dimen271
\@thisruleclass=\count317
\@lastruleclass=\count318
\@thisrulewidth=\dimen272
)
(D:\ProgramData\CTEX\MiKTeX\tex\latex\cite\cite.sty
LaTeX Info: Redefining \cite on input line 302.
LaTeX Info: Redefining \nocite on input line 373.
Package: cite 2010/09/10  v 5.3
)
(D:\ProgramData\CTEX\MiKTeX\tex\latex\oberdiek\epstopdf.sty
Package: epstopdf 2010/02/09 v2.5 Conversion with epstopdf on the fly (HO)

(D:\ProgramData\CTEX\MiKTeX\tex\latex\oberdiek\epstopdf-base.sty
Package: epstopdf-base 2010/02/09 v2.5 Base part for package epstopdf

(D:\ProgramData\CTEX\MiKTeX\tex\latex\oberdiek\grfext.sty
Package: grfext 2010/08/19 v1.1 Managing graphics extensions (HO)

(D:\ProgramData\CTEX\MiKTeX\tex\generic\oberdiek\kvdefinekeys.sty
Package: kvdefinekeys 2011/04/07 v1.3 Defining keys (HO)
))
(D:\ProgramData\CTEX\MiKTeX\tex\latex\oberdiek\kvoptions.sty
Package: kvoptions 2010/12/23 v3.10 Keyval support for LaTeX options (HO)

(D:\ProgramData\CTEX\MiKTeX\tex\generic\oberdiek\kvsetkeys.sty
Package: kvsetkeys 2011/04/07 v1.13 Key value parser (HO)

(D:\ProgramData\CTEX\MiKTeX\tex\generic\oberdiek\etexcmds.sty
Package: etexcmds 2011/02/16 v1.5 Prefix for e-TeX command names (HO)

(D:\ProgramData\CTEX\MiKTeX\tex\generic\oberdiek\ifluatex.sty
Package: ifluatex 2010/03/01 v1.3 Provides the ifluatex switch (HO)
Package ifluatex Info: LuaTeX not detected.
)
Package etexcmds Info: Could not find \expanded.
(etexcmds)             That can mean that you are not using pdfTeX 1.50 or
(etexcmds)             that some package has redefined \expanded.
(etexcmds)             In the latter case, load this package earlier.
)))
(D:\ProgramData\CTEX\MiKTeX\tex\generic\oberdiek\pdftexcmds.sty
Package: pdftexcmds 2011/04/22 v0.16 Utilities of pdfTeX for LuaTeX (HO)
Package pdftexcmds Info: LuaTeX not detected.
Package pdftexcmds Info: \pdf@primitive is available.
Package pdftexcmds Info: \pdf@ifprimitive is available.
Package pdftexcmds Info: \pdfdraftmode found.
)
Package grfext Info: Graphics extension search list:
(grfext)             [.png,.pdf,.jpg,.mps,.jpeg,.jbig2,.jb2,.PNG,.PDF,.JPG,.JPE
G,.JBIG2,.JB2,.eps]
(grfext)             \AppendGraphicsExtensions on input line 452.
))
(D:\ProgramData\CTEX\MiKTeX\tex\latex\epsf\epsf.sty
This is `epsf.tex' v2.7.4 <14 February 2011>
\epsffilein=\read3
\epsfframemargin=\dimen273
\epsfframethickness=\dimen274
\epsfrsize=\dimen275
\epsftmp=\dimen276
\epsftsize=\dimen277
\epsfxsize=\dimen278
\epsfysize=\dimen279
\pspoints=\dimen280
) (D:\ProgramData\CTEX\MiKTeX\tex\latex\geometry\geometry.sty
Package: geometry 2010/09/12 v5.6 Page Geometry

(D:\ProgramData\CTEX\MiKTeX\tex\generic\oberdiek\ifvtex.sty
Package: ifvtex 2010/03/01 v1.5 Switches for detecting VTeX and its modes (HO)
Package ifvtex Info: VTeX not detected.
)
\Gm@cnth=\count319
\Gm@cntv=\count320
\c@Gm@tempcnt=\count321
\Gm@bindingoffset=\dimen281
\Gm@wd@mp=\dimen282
\Gm@odd@mp=\dimen283
\Gm@even@mp=\dimen284
\Gm@layoutwidth=\dimen285
\Gm@layoutheight=\dimen286
\Gm@layouthoffset=\dimen287
\Gm@layoutvoffset=\dimen288
\Gm@dimlist=\toks46

(D:\ProgramData\CTEX\MiKTeX\tex\latex\geometry\geometry.cfg))
(D:\ProgramData\CTEX\MiKTeX\tex\latex\background\background.sty
Package: background 2009/11/07 v1.0 bg material

(D:\ProgramData\CTEX\MiKTeX\tex\latex\everypage\everypage.sty
Package: everypage 2007/06/20 1.1 Hooks to run on every page
)
(D:\ProgramData\CTEX\MiKTeX\tex\latex\pgf\frontendlayer\tikz.sty
(D:\ProgramData\CTEX\MiKTeX\tex\latex\pgf\basiclayer\pgf.sty
(D:\ProgramData\CTEX\MiKTeX\tex\latex\pgf\utilities\pgfrcs.sty
(D:\ProgramData\CTEX\MiKTeX\tex\generic\pgf\utilities\pgfutil-common.tex
\pgfutil@everybye=\toks47
)
(D:\ProgramData\CTEX\MiKTeX\tex\generic\pgf\utilities\pgfutil-latex.def
\pgfutil@abb=\box80

(D:\ProgramData\CTEX\MiKTeX\tex\latex\ms\everyshi.sty
Package: everyshi 2001/05/15 v3.00 EveryShipout Package (MS)
))
(D:\ProgramData\CTEX\MiKTeX\tex\generic\pgf\utilities\pgfrcs.code.tex
Package: pgfrcs 2010/10/25 v2.10 (rcs-revision 1.24)
))
Package: pgf 2008/01/15 v2.10 (rcs-revision 1.12)

(D:\ProgramData\CTEX\MiKTeX\tex\latex\pgf\basiclayer\pgfcore.sty
(D:\ProgramData\CTEX\MiKTeX\tex\latex\pgf\systemlayer\pgfsys.sty
(D:\ProgramData\CTEX\MiKTeX\tex\generic\pgf\systemlayer\pgfsys.code.tex
Package: pgfsys 2010/06/30 v2.10 (rcs-revision 1.37)

(D:\ProgramData\CTEX\MiKTeX\tex\generic\pgf\utilities\pgfkeys.code.tex
\pgfkeys@pathtoks=\toks48
\pgfkeys@temptoks=\toks49

(D:\ProgramData\CTEX\MiKTeX\tex\generic\pgf\utilities\pgfkeysfiltered.code.tex
\pgfkeys@tmptoks=\toks50
))
\pgf@x=\dimen289
\pgf@y=\dimen290
\pgf@xa=\dimen291
\pgf@ya=\dimen292
\pgf@xb=\dimen293
\pgf@yb=\dimen294
\pgf@xc=\dimen295
\pgf@yc=\dimen296
\w@pgf@writea=\write4
\r@pgf@reada=\read4
\c@pgf@counta=\count322
\c@pgf@countb=\count323
\c@pgf@countc=\count324
\c@pgf@countd=\count325
 (D:\ProgramData\CTEX\MiKTeX\tex\generic\pgf\systemlayer\pgf.cfg
File: pgf.cfg 2008/05/14  (rcs-revision 1.7)
)
Package pgfsys Info: Driver file for pgf: pgfsys-pdftex.def on input line 900.

(D:\ProgramData\CTEX\MiKTeX\tex\generic\pgf\systemlayer\pgfsys-pdftex.def
File: pgfsys-pdftex.def 2009/05/22  (rcs-revision 1.26)

(D:\ProgramData\CTEX\MiKTeX\tex\generic\pgf\systemlayer\pgfsys-common-pdf.def
File: pgfsys-common-pdf.def 2008/05/19  (rcs-revision 1.10)
)))
(D:\ProgramData\CTEX\MiKTeX\tex\generic\pgf\systemlayer\pgfsyssoftpath.code.tex
File: pgfsyssoftpath.code.tex 2008/07/18  (rcs-revision 1.7)
\pgfsyssoftpath@smallbuffer@items=\count326
\pgfsyssoftpath@bigbuffer@items=\count327
)
(D:\ProgramData\CTEX\MiKTeX\tex\generic\pgf\systemlayer\pgfsysprotocol.code.tex
File: pgfsysprotocol.code.tex 2006/10/16  (rcs-revision 1.4)
)) (D:\ProgramData\CTEX\MiKTeX\tex\generic\pgf\basiclayer\pgfcore.code.tex
Package: pgfcore 2010/04/11 v2.10 (rcs-revision 1.7)

(D:\ProgramData\CTEX\MiKTeX\tex\generic\pgf\math\pgfmath.code.tex
(D:\ProgramData\CTEX\MiKTeX\tex\generic\pgf\math\pgfmathcalc.code.tex
(D:\ProgramData\CTEX\MiKTeX\tex\generic\pgf\math\pgfmathutil.code.tex)
(D:\ProgramData\CTEX\MiKTeX\tex\generic\pgf\math\pgfmathparser.code.tex
\pgfmath@dimen=\dimen297
\pgfmath@count=\count328
\pgfmath@box=\box81
\pgfmath@toks=\toks51
\pgfmath@stack@operand=\toks52
\pgfmath@stack@operation=\toks53
)
(D:\ProgramData\CTEX\MiKTeX\tex\generic\pgf\math\pgfmathfunctions.code.tex
(D:\ProgramData\CTEX\MiKTeX\tex\generic\pgf\math\pgfmathfunctions.basic.code.te
x)
(D:\ProgramData\CTEX\MiKTeX\tex\generic\pgf\math\pgfmathfunctions.trigonometric
.code.tex)
(D:\ProgramData\CTEX\MiKTeX\tex\generic\pgf\math\pgfmathfunctions.random.code.t
ex)
(D:\ProgramData\CTEX\MiKTeX\tex\generic\pgf\math\pgfmathfunctions.comparison.co
de.tex)
(D:\ProgramData\CTEX\MiKTeX\tex\generic\pgf\math\pgfmathfunctions.base.code.tex
)
(D:\ProgramData\CTEX\MiKTeX\tex\generic\pgf\math\pgfmathfunctions.round.code.te
x)
(D:\ProgramData\CTEX\MiKTeX\tex\generic\pgf\math\pgfmathfunctions.misc.code.tex
))) (D:\ProgramData\CTEX\MiKTeX\tex\generic\pgf\math\pgfmathfloat.code.tex
\c@pgfmathroundto@lastzeros=\count329
))
(D:\ProgramData\CTEX\MiKTeX\tex\generic\pgf\basiclayer\pgfcorepoints.code.tex
File: pgfcorepoints.code.tex 2010/04/09  (rcs-revision 1.20)
\pgf@picminx=\dimen298
\pgf@picmaxx=\dimen299
\pgf@picminy=\dimen300
\pgf@picmaxy=\dimen301
\pgf@pathminx=\dimen302
\pgf@pathmaxx=\dimen303
\pgf@pathminy=\dimen304
\pgf@pathmaxy=\dimen305
\pgf@xx=\dimen306
\pgf@xy=\dimen307
\pgf@yx=\dimen308
\pgf@yy=\dimen309
\pgf@zx=\dimen310
\pgf@zy=\dimen311
)
(D:\ProgramData\CTEX\MiKTeX\tex\generic\pgf\basiclayer\pgfcorepathconstruct.cod
e.tex
File: pgfcorepathconstruct.code.tex 2010/08/03  (rcs-revision 1.24)
\pgf@path@lastx=\dimen312
\pgf@path@lasty=\dimen313
)
(D:\ProgramData\CTEX\MiKTeX\tex\generic\pgf\basiclayer\pgfcorepathusage.code.te
x
File: pgfcorepathusage.code.tex 2008/04/22  (rcs-revision 1.12)
\pgf@shorten@end@additional=\dimen314
\pgf@shorten@start@additional=\dimen315
)
(D:\ProgramData\CTEX\MiKTeX\tex\generic\pgf\basiclayer\pgfcorescopes.code.tex
File: pgfcorescopes.code.tex 2010/09/08  (rcs-revision 1.34)
\pgfpic=\box82
\pgf@hbox=\box83
\pgf@layerbox@main=\box84
\pgf@picture@serial@count=\count330
)
(D:\ProgramData\CTEX\MiKTeX\tex\generic\pgf\basiclayer\pgfcoregraphicstate.code
.tex
File: pgfcoregraphicstate.code.tex 2008/04/22  (rcs-revision 1.9)
\pgflinewidth=\dimen316
)
(D:\ProgramData\CTEX\MiKTeX\tex\generic\pgf\basiclayer\pgfcoretransformations.c
ode.tex
File: pgfcoretransformations.code.tex 2009/06/10  (rcs-revision 1.11)
\pgf@pt@x=\dimen317
\pgf@pt@y=\dimen318
\pgf@pt@temp=\dimen319
)
(D:\ProgramData\CTEX\MiKTeX\tex\generic\pgf\basiclayer\pgfcorequick.code.tex
File: pgfcorequick.code.tex 2008/10/09  (rcs-revision 1.3)
)
(D:\ProgramData\CTEX\MiKTeX\tex\generic\pgf\basiclayer\pgfcoreobjects.code.tex
File: pgfcoreobjects.code.tex 2006/10/11  (rcs-revision 1.2)
)
(D:\ProgramData\CTEX\MiKTeX\tex\generic\pgf\basiclayer\pgfcorepathprocessing.co
de.tex
File: pgfcorepathprocessing.code.tex 2008/10/09  (rcs-revision 1.8)
)
(D:\ProgramData\CTEX\MiKTeX\tex\generic\pgf\basiclayer\pgfcorearrows.code.tex
File: pgfcorearrows.code.tex 2008/04/23  (rcs-revision 1.11)
)
(D:\ProgramData\CTEX\MiKTeX\tex\generic\pgf\basiclayer\pgfcoreshade.code.tex
File: pgfcoreshade.code.tex 2008/11/23  (rcs-revision 1.13)
\pgf@max=\dimen320
\pgf@sys@shading@range@num=\count331
)
(D:\ProgramData\CTEX\MiKTeX\tex\generic\pgf\basiclayer\pgfcoreimage.code.tex
File: pgfcoreimage.code.tex 2010/03/25  (rcs-revision 1.16)

(D:\ProgramData\CTEX\MiKTeX\tex\generic\pgf\basiclayer\pgfcoreexternal.code.tex
File: pgfcoreexternal.code.tex 2010/09/01  (rcs-revision 1.17)
\pgfexternal@startupbox=\box85
))
(D:\ProgramData\CTEX\MiKTeX\tex\generic\pgf\basiclayer\pgfcorelayers.code.tex
File: pgfcorelayers.code.tex 2010/08/27  (rcs-revision 1.2)
)
(D:\ProgramData\CTEX\MiKTeX\tex\generic\pgf\basiclayer\pgfcoretransparency.code
.tex
File: pgfcoretransparency.code.tex 2008/01/17  (rcs-revision 1.2)
)
(D:\ProgramData\CTEX\MiKTeX\tex\generic\pgf\basiclayer\pgfcorepatterns.code.tex
File: pgfcorepatterns.code.tex 2009/07/02  (rcs-revision 1.3)
)))
(D:\ProgramData\CTEX\MiKTeX\tex\generic\pgf\modules\pgfmoduleshapes.code.tex
File: pgfmoduleshapes.code.tex 2010/09/09  (rcs-revision 1.13)
\pgfnodeparttextbox=\box86
)
(D:\ProgramData\CTEX\MiKTeX\tex\generic\pgf\modules\pgfmoduleplot.code.tex
File: pgfmoduleplot.code.tex 2010/10/22  (rcs-revision 1.8)
)
(D:\ProgramData\CTEX\MiKTeX\tex\latex\pgf\compatibility\pgfcomp-version-0-65.st
y
Package: pgfcomp-version-0-65 2007/07/03 v2.10 (rcs-revision 1.7)
\pgf@nodesepstart=\dimen321
\pgf@nodesepend=\dimen322
)
(D:\ProgramData\CTEX\MiKTeX\tex\latex\pgf\compatibility\pgfcomp-version-1-18.st
y
Package: pgfcomp-version-1-18 2007/07/23 v2.10 (rcs-revision 1.1)
)) (D:\ProgramData\CTEX\MiKTeX\tex\latex\pgf\utilities\pgffor.sty
(D:\ProgramData\CTEX\MiKTeX\tex\latex\pgf\utilities\pgfkeys.sty
(D:\ProgramData\CTEX\MiKTeX\tex\generic\pgf\utilities\pgfkeys.code.tex))
(D:\ProgramData\CTEX\MiKTeX\tex\generic\pgf\utilities\pgffor.code.tex
Package: pgffor 2010/03/23 v2.10 (rcs-revision 1.18)
\pgffor@iter=\dimen323
\pgffor@skip=\dimen324
\pgffor@stack=\toks54
\pgffor@toks=\toks55
))
(D:\ProgramData\CTEX\MiKTeX\tex\generic\pgf\frontendlayer\tikz\tikz.code.tex
Package: tikz 2010/10/13 v2.10 (rcs-revision 1.76)

(D:\ProgramData\CTEX\MiKTeX\tex\generic\pgf\libraries\pgflibraryplothandlers.co
de.tex
File: pgflibraryplothandlers.code.tex 2010/05/31 v2.10 (rcs-revision 1.15)
\pgf@plot@mark@count=\count332
\pgfplotmarksize=\dimen325
)
\tikz@lastx=\dimen326
\tikz@lasty=\dimen327
\tikz@lastxsaved=\dimen328
\tikz@lastysaved=\dimen329
\tikzleveldistance=\dimen330
\tikzsiblingdistance=\dimen331
\tikz@figbox=\box87
\tikz@tempbox=\box88
\tikztreelevel=\count333
\tikznumberofchildren=\count334
\tikznumberofcurrentchild=\count335
\tikz@fig@count=\count336

(D:\ProgramData\CTEX\MiKTeX\tex\generic\pgf\modules\pgfmodulematrix.code.tex
File: pgfmodulematrix.code.tex 2010/08/24  (rcs-revision 1.4)
\pgfmatrixcurrentrow=\count337
\pgfmatrixcurrentcolumn=\count338
\pgf@matrix@numberofcolumns=\count339
)
\tikz@expandcount=\count340

(D:\ProgramData\CTEX\MiKTeX\tex\generic\pgf\frontendlayer\tikz\libraries\tikzli
brarytopaths.code.tex
File: tikzlibrarytopaths.code.tex 2008/06/17 v2.10 (rcs-revision 1.2)
)))
(D:\ProgramData\CTEX\MiKTeX\tex\latex\tools\afterpage.sty
Package: afterpage 1995/10/27 v1.08 After-Page Package (DPC)
\AP@output=\toks56
\AP@partial=\box89
\AP@footins=\box90
))
(D:\ProgramData\CTEX\MiKTeX\tex\latex\hyperref\hyperref.sty
Package: hyperref 2012/02/06 v6.82o Hypertext links for LaTeX

(D:\ProgramData\CTEX\MiKTeX\tex\generic\oberdiek\hobsub-hyperref.sty
Package: hobsub-hyperref 2011/04/23 v1.4 Bundle oberdiek, subset hyperref (HO)

(D:\ProgramData\CTEX\MiKTeX\tex\generic\oberdiek\hobsub-generic.sty
Package: hobsub-generic 2011/04/23 v1.4 Bundle oberdiek, subset generic (HO)
Package: hobsub 2011/04/23 v1.4 Subsetting bundle oberdiek (HO)
Package hobsub Info: Skipping package `infwarerr' (already loaded).
Package hobsub Info: Skipping package `ltxcmds' (already loaded).
Package hobsub Info: Skipping package `ifluatex' (already loaded).
Package hobsub Info: Skipping package `ifvtex' (already loaded).
Package: intcalc 2007/09/27 v1.1 Expandable integer calculations (HO)
Package hobsub Info: Skipping package `ifpdf' (already loaded).
Package hobsub Info: Skipping package `etexcmds' (already loaded).
Package hobsub Info: Skipping package `kvsetkeys' (already loaded).
Package hobsub Info: Skipping package `kvdefinekeys' (already loaded).
Package hobsub Info: Skipping package `pdftexcmds' (already loaded).
Package: pdfescape 2011/04/04 v1.12 Provides string conversions (HO)
Package: bigintcalc 2011/01/30 v1.2 Expandable big integer calculations (HO)
Package: bitset 2011/01/30 v1.1 Data type bit set (HO)
Package: uniquecounter 2011/01/30 v1.2 Provides unlimited unique counter (HO)
)
Package hobsub Info: Skipping package `hobsub' (already loaded).
Package: letltxmacro 2010/09/02 v1.4 Let assignment for LaTeX macros (HO)
Package: hopatch 2011/01/30 v1.0 Wrapper for package hooks (HO)
Package: xcolor-patch 2011/01/30 xcolor patch
Package: atveryend 2011/04/23 v1.7 Hooks at very end of document (HO)
Package: atbegshi 2011/01/30 v1.15 At begin shipout hook (HO)
Package: refcount 2010/12/01 v3.2 Data extraction from references (HO)
Package: hycolor 2011/01/30 v1.7 Color options of hyperref/bookmark (HO)
)
\@linkdim=\dimen332
\Hy@linkcounter=\count341
\Hy@pagecounter=\count342

(D:\ProgramData\CTEX\MiKTeX\tex\latex\hyperref\pd1enc.def
File: pd1enc.def 2012/02/06 v6.82o Hyperref: PDFDocEncoding definition (HO)
)
\Hy@SavedSpaceFactor=\count343

(D:\ProgramData\CTEX\MiKTeX\tex\latex\00miktex\hyperref.cfg
File: hyperref.cfg 2002/06/06 v1.2 hyperref configuration of TeXLive
)
Package hyperref Info: Option `CJKbookmarks' set `true' on input line 3925.
Package hyperref Info: Option `pdfdisplaydoctitle' set `true' on input line 392
5.
Package hyperref Info: Option `bookmarksnumbered' set `true' on input line 3925
.
Package hyperref Info: Option `bookmarksopen' set `true' on input line 3925.


Package hyperref Warning: Invalid value `001'
(hyperref)                for option `pdfborder'.
(hyperref)                Option setting is ignored on input line 3925.

Package hyperref Info: Option `colorlinks' set `true' on input line 3925.

Package hyperref Warning: Option `pagecolor' is not available anymore.

Package hyperref Info: Hyper figures OFF on input line 4046.
Package hyperref Info: Link nesting OFF on input line 4051.
Package hyperref Info: Hyper index ON on input line 4054.
Package hyperref Info: Plain pages OFF on input line 4061.
Package hyperref Info: Backreferencing OFF on input line 4066.
Package hyperref Info: Implicit mode ON; LaTeX internals redefined.
Package hyperref Info: Bookmarks ON on input line 4284.
\c@Hy@tempcnt=\count344
(D:\ProgramData\CTEX\MiKTeX\tex\latex\ltxmisc\url.sty
\Urlmuskip=\muskip11
Package: url 2006/04/12  ver 3.3  Verb mode for urls, etc.
)
LaTeX Info: Redefining \url on input line 4637.
\Fld@menulength=\count345
\Field@Width=\dimen333
\Fld@charsize=\dimen334
Package hyperref Info: Hyper figures OFF on input line 5757.
Package hyperref Info: Link nesting OFF on input line 5762.
Package hyperref Info: Hyper index ON on input line 5765.
Package hyperref Info: backreferencing OFF on input line 5772.
Package hyperref Info: Link coloring ON on input line 5775.
Package hyperref Info: Link coloring with OCG OFF on input line 5782.
Package hyperref Info: PDF/A mode OFF on input line 5787.
LaTeX Info: Redefining \ref on input line 5827.
LaTeX Info: Redefining \pageref on input line 5831.
\Hy@abspage=\count346
\c@Item=\count347
\c@Hfootnote=\count348
)

Package hyperref Message: Driver (autodetected): hpdftex.

(D:\ProgramData\CTEX\MiKTeX\tex\latex\hyperref\hpdftex.def
File: hpdftex.def 2012/02/06 v6.82o Hyperref driver for pdfTeX
\Fld@listcount=\count349
\c@bookmark@seq@number=\count350

(D:\ProgramData\CTEX\MiKTeX\tex\latex\oberdiek\rerunfilecheck.sty
Package: rerunfilecheck 2011/04/15 v1.7 Rerun checks for auxiliary files (HO)
Package uniquecounter Info: New unique counter `rerunfilecheck' on input line 2
82.
)
\Hy@SectionHShift=\skip88
)
(D:\ProgramData\CTEX\MiKTeX\tex\latex\algorithms\algorithm.sty
Package: algorithm 2009/08/24 v0.1 Document Style `algorithm' - floating enviro
nment

(D:\ProgramData\CTEX\MiKTeX\tex\latex\float\float.sty
Package: float 2001/11/08 v1.3d Float enhancements (AL)
\c@float@type=\count351
\float@exts=\toks57
\float@box=\box91
\@float@everytoks=\toks58
\@floatcapt=\box92
)
\@float@every@algorithm=\toks59
\c@algorithm=\count352
)
(D:\ProgramData\CTEX\MiKTeX\tex\latex\algorithms\algorithmic.sty
Package: algorithmic 2009/08/24 v0.1 Document Style `algorithmic'
\c@ALC@unique=\count353
\c@ALC@line=\count354
\c@ALC@rem=\count355
\c@ALC@depth=\count356
\ALC@tlm=\skip89
\algorithmicindent=\skip90
)
\c@theorem=\count357
\c@lemma=\count358
\c@exercise=\count359
\c@definition=\count360
\c@proposition=\count361
\c@property=\count362
\c@example=\count363

(D:\ProgramData\CTEX\MiKTeX\tex\latex\listings\lstlang1.sty
File: lstlang1.sty 2004/09/05 1.3 listings language file
)
(D:\ProgramData\CTEX\MiKTeX\tex\latex\listings\lstlang2.sty
File: lstlang2.sty 2004/09/05 1.3 listings language file
)
(D:\ProgramData\CTEX\MiKTeX\tex\latex\listings\lstlang3.sty
File: lstlang3.sty 2004/09/05 1.3 listings language file
))
\@input{coverfiles/informationInput.aux}

(D:\OneDrive\A_Study\A6_DataMining\数统院+杜兴兴+112020314201385\03_latex
\coverfiles/informationInput.tex)
(D:\OneDrive\A_Study\A6_DataMining\数统院+杜兴兴+112020314201385\03_latex
\thesisTemplateMain.aux
(D:\OneDrive\A_Study\A6_DataMining\数统院+杜兴兴+112020314201385\03_latex
\abstract/Chabstract.aux)
(D:\OneDrive\A_Study\A6_DataMining\数统院+杜兴兴+112020314201385\03_latex
\abstract/Enabstract.aux)
(D:\OneDrive\A_Study\A6_DataMining\数统院+杜兴兴+112020314201385\03_latex
\bodyfiles/zhengwen.aux

LaTeX Warning: Label `s' multiply defined.


LaTeX Warning: Label `s' multiply defined.


LaTeX Warning: Label `s' multiply defined.


LaTeX Warning: Label `s' multiply defined.


LaTeX Warning: Label `s' multiply defined.


LaTeX Warning: Label `s' multiply defined.


LaTeX Warning: Label `s' multiply defined.


LaTeX Warning: Label `s' multiply defined.


LaTeX Warning: Label `s' multiply defined.


LaTeX Warning: Label `s' multiply defined.


LaTeX Warning: Label `s' multiply defined.


LaTeX Warning: Label `s' multiply defined.


LaTeX Warning: Label `s' multiply defined.


LaTeX Warning: Label `s' multiply defined.


LaTeX Warning: Label `s' multiply defined.


LaTeX Warning: Label `s' multiply defined.


LaTeX Warning: Label `s' multiply defined.


LaTeX Warning: Label `s' multiply defined.


LaTeX Warning: Label `st1' multiply defined.


LaTeX Warning: Label `tab:addlabel' multiply defined.


LaTeX Warning: Label `tab:addlabel' multiply defined.


LaTeX Warning: Label `tab:addlabel' multiply defined.


LaTeX Warning: Label `tab:addlabel' multiply defined.


LaTeX Warning: Label `q2' multiply defined.

)
(D:\OneDrive\A_Study\A6_DataMining\数统院+杜兴兴+112020314201385\03_latex
\bibliography/biblio.aux

LaTeX Warning: Label `Wang17' multiply defined.


LaTeX Warning: Label `Wang17' multiply defined.


LaTeX Warning: Label `Wang17' multiply defined.


LaTeX Warning: Label `Wang17' multiply defined.


LaTeX Warning: Label `Wang17' multiply defined.


LaTeX Warning: Label `Wang17' multiply defined.


LaTeX Warning: Label `Wang17' multiply defined.


LaTeX Warning: Label `Wang17' multiply defined.


LaTeX Warning: Label `Wang17' multiply defined.


LaTeX Warning: Label `Wang17' multiply defined.


LaTeX Warning: Label `Wang17' multiply defined.


LaTeX Warning: Label `Wang17' multiply defined.


LaTeX Warning: Label `Wang17' multiply defined.


LaTeX Warning: Label `Wang17' multiply defined.


LaTeX Warning: Label `Wang17' multiply defined.


LaTeX Warning: Label `Wang17' multiply defined.


LaTeX Warning: Label `Wang17' multiply defined.


LaTeX Warning: Label `Wang17' multiply defined.


LaTeX Warning: Label `Wang17' multiply defined.


LaTeX Warning: Label `Wang17' multiply defined.

)
(D:\OneDrive\A_Study\A6_DataMining\数统院+杜兴兴+112020314201385\03_latex
\appendix/code/Rcode.aux

LaTeX Warning: Label `tab:addlabel' multiply defined.


LaTeX Warning: Label `codes' multiply defined.


LaTeX Warning: Label `tab:addlabel' multiply defined.

))
LaTeX Font Info:    Checking defaults for OML/cmm/m/it on input line 26.
LaTeX Font Info:    ... okay on input line 26.
LaTeX Font Info:    Checking defaults for T1/cmr/m/n on input line 26.
LaTeX Font Info:    ... okay on input line 26.
LaTeX Font Info:    Checking defaults for OT1/cmr/m/n on input line 26.
LaTeX Font Info:    ... okay on input line 26.
LaTeX Font Info:    Checking defaults for OMS/cmsy/m/n on input line 26.
LaTeX Font Info:    ... okay on input line 26.
LaTeX Font Info:    Checking defaults for OMX/cmex/m/n on input line 26.
LaTeX Font Info:    ... okay on input line 26.
LaTeX Font Info:    Checking defaults for U/cmr/m/n on input line 26.
LaTeX Font Info:    ... okay on input line 26.
LaTeX Font Info:    Checking defaults for TS1/cmr/m/n on input line 26.
LaTeX Font Info:    ... okay on input line 26.
LaTeX Font Info:    Checking defaults for C00/song/m/n on input line 26.
LaTeX Font Info:    ... okay on input line 26.
LaTeX Font Info:    Checking defaults for C05/song/m/n on input line 26.
LaTeX Font Info:    ... okay on input line 26.
LaTeX Font Info:    Checking defaults for C09/song/m/n on input line 26.
LaTeX Font Info:    ... okay on input line 26.
LaTeX Font Info:    Checking defaults for C10/song/m/n on input line 26.
LaTeX Font Info:    ... okay on input line 26.
LaTeX Font Info:    Checking defaults for C20/song/m/n on input line 26.
LaTeX Font Info:    ... okay on input line 26.
LaTeX Font Info:    Checking defaults for C19/song/m/n on input line 26.
LaTeX Font Info:    ... okay on input line 26.
LaTeX Font Info:    Checking defaults for C40/song/m/n on input line 26.
LaTeX Font Info:    ... okay on input line 26.
LaTeX Font Info:    Checking defaults for C42/song/m/n on input line 26.
LaTeX Font Info:    ... okay on input line 26.
LaTeX Font Info:    Checking defaults for C43/song/m/n on input line 26.
LaTeX Font Info:    ... okay on input line 26.
LaTeX Font Info:    Checking defaults for C50/song/m/n on input line 26.
LaTeX Font Info:    ... okay on input line 26.
LaTeX Font Info:    Checking defaults for C52/song/m/n on input line 26.
LaTeX Font Info:    ... okay on input line 26.
LaTeX Font Info:    Checking defaults for C49/song/m/n on input line 26.
LaTeX Font Info:    ... okay on input line 26.
LaTeX Font Info:    Checking defaults for C60/mj/m/n on input line 26.
LaTeX Font Info:    ... okay on input line 26.
LaTeX Font Info:    Checking defaults for C61/mj/m/n on input line 26.
LaTeX Font Info:    ... okay on input line 26.
LaTeX Font Info:    Checking defaults for C63/mj/m/n on input line 26.
LaTeX Font Info:    ... okay on input line 26.
LaTeX Font Info:    Checking defaults for C64/mj/m/n on input line 26.
LaTeX Font Info:    ... okay on input line 26.
LaTeX Font Info:    Checking defaults for C65/mj/m/n on input line 26.
LaTeX Font Info:    ... okay on input line 26.
LaTeX Font Info:    Checking defaults for C70/song/m/n on input line 26.
LaTeX Font Info:    ... okay on input line 26.
LaTeX Font Info:    Checking defaults for C31/song/m/n on input line 26.
LaTeX Font Info:    ... okay on input line 26.
LaTeX Font Info:    Checking defaults for C32/song/m/n on input line 26.
LaTeX Font Info:    ... okay on input line 26.
LaTeX Font Info:    Checking defaults for C33/song/m/n on input line 26.
LaTeX Font Info:    ... okay on input line 26.
LaTeX Font Info:    Checking defaults for C34/song/m/n on input line 26.
LaTeX Font Info:    ... okay on input line 26.
LaTeX Font Info:    Checking defaults for C35/song/m/n on input line 26.
LaTeX Font Info:    ... okay on input line 26.
LaTeX Font Info:    Checking defaults for C36/song/m/n on input line 26.
LaTeX Font Info:    ... okay on input line 26.
LaTeX Font Info:    Checking defaults for C37/song/m/n on input line 26.
LaTeX Font Info:    ... okay on input line 26.
LaTeX Font Info:    Checking defaults for C80/song/m/n on input line 26.
LaTeX Font Info:    ... okay on input line 26.
LaTeX Font Info:    Checking defaults for C81/song/m/n on input line 26.
LaTeX Font Info:    ... okay on input line 26.
LaTeX Font Info:    Checking defaults for C01/song/m/n on input line 26.
LaTeX Font Info:    ... okay on input line 26.
LaTeX Font Info:    Checking defaults for C11/song/m/n on input line 26.
LaTeX Font Info:    ... okay on input line 26.
LaTeX Font Info:    Checking defaults for C21/song/m/n on input line 26.
LaTeX Font Info:    ... okay on input line 26.
LaTeX Font Info:    Checking defaults for C41/song/m/n on input line 26.
LaTeX Font Info:    ... okay on input line 26.
LaTeX Font Info:    Checking defaults for C62/song/m/n on input line 26.
LaTeX Font Info:    ... okay on input line 26.
LaTeX Font Info:    Checking defaults for PD1/pdf/m/n on input line 26.
LaTeX Font Info:    ... okay on input line 26.
 (D:\ProgramData\CTEX\MiKTeX\tex\context\base\supp-pdf.mkii
[Loading MPS to PDF converter (version 2006.09.02).]
\scratchcounter=\count364
\scratchdimen=\dimen335
\scratchbox=\box93
\nofMPsegments=\count365
\nofMParguments=\count366
\everyMPshowfont=\toks60
\MPscratchCnt=\count367
\MPscratchDim=\dimen336
\MPnumerator=\count368
\makeMPintoPDFobject=\count369
\everyMPtoPDFconversion=\toks61
)
Package lastpage Info: Please have a look at the pageslts package at
(lastpage)             http://www.ctan.org/tex-archive/ 
(lastpage)             macros/latex/contrib/pageslts/ 
(lastpage)             or
(lastpage)             http://www.ctan.org/tex-archive/ 
(lastpage)             install/macros/latex/contrib/pageslts.tds.zip
(lastpage)             ! on input line 26.
\c@lstlisting=\count370
Package caption Info: Begin \AtBeginDocument code.
Package caption Info: End \AtBeginDocument code.

*geometry* driver: auto-detecting
*geometry* detected driver: pdftex
*geometry* verbose mode - [ preamble ] result:
* driver: pdftex
* paper: custom
* layout: <same size as paper>
* layoutoffset:(h,v)=(0.0pt,0.0pt)
* vratio: 24:19
* modes: includehead includefoot twoside 
* h-part:(L,W,R)=(71.13188pt, 455.24408pt, 71.13191pt)
* v-part:(T,H,B)=(59.6195pt, 738.22856pt, 47.19878pt)
* \paperwidth=597.50787pt
* \paperheight=845.04684pt
* \textwidth=455.24408pt
* \textheight=682.86613pt
* \oddsidemargin=-1.1381pt
* \evensidemargin=-1.13808pt
* \topmargin=-28.45274pt
* \headheight=12.0pt
* \headsep=18.06749pt
* \topskip=10.0pt
* \footskip=25.29494pt
* \marginparwidth=125.0pt
* \marginparsep=7.0pt
* \columnsep=10.0pt
* \skip\footins=9.0pt plus 4.0pt minus 2.0pt
* \hoffset=0.0pt
* \voffset=0.0pt
* \mag=1000
* \@twocolumnfalse
* \@twosidetrue
* \@mparswitchtrue
* \@reversemarginfalse
* (1in=72.27pt=25.4mm, 1cm=28.453pt)

ABD: EveryShipout initializing macros
\AtBeginShipoutBox=\box94
Package hyperref Info: Link coloring ON on input line 26.

(D:\ProgramData\CTEX\MiKTeX\tex\latex\hyperref\nameref.sty
Package: nameref 2010/04/30 v2.40 Cross-referencing by name of section

(D:\ProgramData\CTEX\MiKTeX\tex\generic\oberdiek\gettitlestring.sty
Package: gettitlestring 2010/12/03 v1.4 Cleanup title references (HO)
)
\c@section@level=\count371
)
LaTeX Info: Redefining \ref on input line 26.
LaTeX Info: Redefining \pageref on input line 26.
LaTeX Info: Redefining \nameref on input line 26.

(D:\OneDrive\A_Study\A6_DataMining\数统院+杜兴兴+112020314201385\03_latex
\thesisTemplateMain.out)
(D:\OneDrive\A_Study\A6_DataMining\数统院+杜兴兴+112020314201385\03_latex
\thesisTemplateMain.out)
\@outlinefile=\write5
 (D:\ProgramData\CTEX\MiKTeX\tex\latex\cjk\standard.bdg
File: standard.bdg 2008/12/29 4.8.2
) (D:\ProgramData\CTEX\MiKTeX\tex\latex\cjk\extended.enc
File: extended.enc 2008/12/29 4.8.2
)
(D:\ProgramData\CTEX\MiKTeX\tex\latex\cjk\extended.chr
File: extended.chr 2008/12/29 4.8.2
)<<ot1.cmap>>
LaTeX Font Info:    Try loading font information for C19+rm on input line 41.

(D:\ProgramData\CTEX\MiKTeX\tex\latex\ctex\fd\c19rm.fd
File: c19rm.fd 2007/05/06 v0.8a ctex font definition file
)<<c1951.cmap>><<c1949.cmap>>
(D:\OneDrive\A_Study\A6_DataMining\数统院+杜兴兴+112020314201385\03_latex
\thesisTemplateMain.toc<<c1963.cmap>><<c1961.cmap>><<c1940.cmap>><<c1960.cmap>>
<<c1946.cmap>><<c1937.cmap>><<oml.cmap>><<oms.cmap>><<omx.cmap>>
LaTeX Font Info:    Try loading font information for U+msa on input line 4.

(D:\ProgramData\CTEX\MiKTeX\tex\latex\amsfonts\umsa.fd
File: umsa.fd 2009/06/22 v3.00 AMS symbols A
)
LaTeX Font Info:    Try loading font information for U+msb on input line 4.

(D:\ProgramData\CTEX\MiKTeX\tex\latex\amsfonts\umsb.fd
File: umsb.fd 2009/06/22 v3.00 AMS symbols B
)
LaTeX Font Info:    Try loading font information for U+rsfs on input line 4.

(D:\ProgramData\CTEX\MiKTeX\tex\latex\jknappen\ursfs.fd
File: ursfs.fd 1998/03/24 rsfs font definition file (jk)
)

LaTeX Font Warning: Font shape `U/rsfs/m/n' in size <10.54> not available
(Font)              size <10.95> substituted on input line 4.

<<c1959.cmap>><<c1965.cmap>><<c1958.cmap>><<c1956.cmap>><<c1941.cmap>><<c1962.c
map>><<c1955.cmap>><<c1950.cmap>><<c1944.cmap>><<c1954.cmap>><<c1964.cmap>><<c1
938.cmap>><<c1948.cmap>><<c1943.cmap>><<c1952.cmap>><<c1939.cmap>><<c1945.cmap>
> [1
Non-PDF special ignored!
Non-PDF special ignored!
Non-PDF special ignored!
Non-PDF special ignored!


Non-PDF special ignored!
Non-PDF special ignored!



]<<c1947.cmap>><<c1942.cmap>><<c1953.cmap>>)
\tf@toc=\write6
 [2]
(D:\OneDrive\A_Study\A6_DataMining\数统院+杜兴兴+112020314201385\03_latex
\abstract/Chabstract.tex<<c1936.cmap>><<c1926.cmap>>
Package CJKpunct Info: punctuation spaces for family 'zhsong' do not exist. Use
 family 'def' instead. on input line 20.
<<c1957.cmap>><<c1925.cmap>><<c1984.cmap>>
Package CJKpunct Info: punctuation spaces for family 'zhhei' do not exist. Use 
family 'def' instead. on input line 30.
LaTeX Font Info:    Try loading font information for C19+zhsong on input line 3
0.
 (D:\ProgramData\CTEX\MiKTeX\tex\latex\zhmetrics\c19zhsong.fd
File: c19zhsong.fd 2009/09/23 4.8.2
))
LaTeX Font Info:    Try loading font information for C19+song on input line 52.


(D:\ProgramData\CTEX\CTeX\tex\latex\CJK\GB\c19song.fd
File: c19song.fd 2009/09/23 4.8.2
)

Package Fancyhdr Warning: \headheight is too small (12.0pt): 
 Make it at least 12.98491pt.
 We now make it that large for the rest of the document.
 This may cause the page layout to be inconsistent, however.

[3

]
(D:\OneDrive\A_Study\A6_DataMining\数统院+杜兴兴+112020314201385\03_latex
\abstract/Enabstract.tex) [4


]
(D:\OneDrive\A_Study\A6_DataMining\数统院+杜兴兴+112020314201385\03_latex
\bodyfiles/zhengwen.tex
\hspace {1pt}1\hspace {1pt}
LaTeX Font Info:    Try loading font information for C19+zhhei on input line 1.

(D:\ProgramData\CTEX\MiKTeX\tex\latex\zhmetrics\c19zhhei.fd
File: c19zhhei.fd 2009/09/23 4.8.2
)<<c1986.cmap>>
Underfull \vbox (badness 1527) has occurred while \output is active []

 [1




]

LaTeX Warning: File ot137.cmap not found on input line 29.

Package CJKpunct Info: use punctuation spaces for family 'song' with punctstyle
 (quanjiao) on input line 29.

Package Fancyhdr Warning: \headheight is too small (12.0pt): 
 Make it at least 12.98491pt.
 We now make it that large for the rest of the document.
 This may cause the page layout to be inconsistent, however.

[2]

Package Fancyhdr Warning: \headheight is too small (12.0pt): 
 Make it at least 12.98491pt.
 We now make it that large for the rest of the document.
 This may cause the page layout to be inconsistent, however.

[3]

Package Fancyhdr Warning: \headheight is too small (12.0pt): 
 Make it at least 12.98491pt.
 We now make it that large for the rest of the document.
 This may cause the page layout to be inconsistent, however.

[4

]
\hspace {1pt}2\hspace {1pt}
[5]

Package Fancyhdr Warning: \headheight is too small (12.0pt): 
 Make it at least 12.98491pt.
 We now make it that large for the rest of the document.
 This may cause the page layout to be inconsistent, however.

[6]

Package Fancyhdr Warning: \headheight is too small (12.0pt): 
 Make it at least 12.98491pt.
 We now make it that large for the rest of the document.
 This may cause the page layout to be inconsistent, however.

[7]

LaTeX Warning: File ot163.cmap not found on input line 188.


Package Fancyhdr Warning: \headheight is too small (12.0pt): 
 Make it at least 12.98491pt.
 We now make it that large for the rest of the document.
 This may cause the page layout to be inconsistent, however.

[8]
Missing character: There is no  in font cmr12!
Missing character: There is no  in font cmr12!


Package Fancyhdr Warning: \headheight is too small (12.0pt): 
 Make it at least 12.98491pt.
 We now make it that large for the rest of the document.
 This may cause the page layout to be inconsistent, however.

[9]
Overfull \hbox (12.81851pt too wide) in paragraph at lines 233--235
[]\C19/zhsong/m/n/12.05/55  \C19/rm/m/n/12.05/46  \C19/zhsong/m/n/12.05/48 5 
\C19/zhsong/m/n/12.05/63  \C19/rm/m/n/12.05/62 u \C19/rm/m/n/12.05/50 { \C19/r
m/m/n/12.05/43 I I \C19/rm/m/n/12.05/45 [ \C19/rm/m/n/12.05/41 { \C19/zhsong/m/
n/12.05/61  \C19/zhsong/m/n/12.05/55  \C19/zhsong/m/n/12.05/61  \C19/zhsong/
m/n/12.05/55  \C19/zhsong/m/n/12.05/60 & \C19/zhsong/m/n/12.05/59 E X \C19/rm/
m/n/12.05/57  |\C19/rm/m/n/12.05/26 |\OT1/cmr/m/n/12.05 https://www.nflis.dea
diversion.usdoj.gov|\C19/rm/m/n/12.05/26 |
 []


Package Fancyhdr Warning: \headheight is too small (12.0pt): 
 Make it at least 12.98491pt.
 We now make it that large for the rest of the document.
 This may cause the page layout to be inconsistent, however.

[10]

LaTeX Warning: File ot164.cmap not found on input line 276.


Package Fancyhdr Warning: \headheight is too small (12.0pt): 
 Make it at least 12.98491pt.
 We now make it that large for the rest of the document.
 This may cause the page layout to be inconsistent, however.

[11]

Package Fancyhdr Warning: \headheight is too small (12.0pt): 
 Make it at least 12.98491pt.
 We now make it that large for the rest of the document.
 This may cause the page layout to be inconsistent, however.

[12]
\hspace {1pt}3\hspace {1pt}
<bodyfigures/Figure1_Pie.jpg, id=400, 1445.4pt x 1084.05pt>
File: bodyfigures/Figure1_Pie.jpg Graphic file (type jpg)

<use bodyfigures/Figure1_Pie.jpg>
Package pdftex.def Info: bodyfigures/Figure1_Pie.jpg used on input line 300.
(pdftex.def)             Requested size: 386.96024pt x 290.21622pt.

<bodyfigures/Figure2_Bar.jpg, id=401, 1156.32pt x 722.7pt>
File: bodyfigures/Figure2_Bar.jpg Graphic file (type jpg)

<use bodyfigures/Figure2_Bar.jpg>
Package pdftex.def Info: bodyfigures/Figure2_Bar.jpg used on input line 308.
(pdftex.def)             Requested size: 386.96024pt x 241.84409pt.

Underfull \vbox (badness 1337) has occurred while \output is active []

 [13

pdfTeX warning (ext4): destination with the same identifier (name{figure.3.1}) 
has been already used, duplicate ignored

\@EveryShipout@Output ...@Org@Shipout \box \@cclv 
                                                  
l.313 
       <D:/OneDrive/A_Study/A6_DataMining/数统院+杜兴兴+112020314201385/0
3_latex/bodyfigures/Figure1_Pie.jpg>]
<bodyfigures/Figure3_HeatMap.jpg, id=407, 2168.1pt x 722.7pt>
File: bodyfigures/Figure3_HeatMap.jpg Graphic file (type jpg)

<use bodyfigures/Figure3_HeatMap.jpg>
Package pdftex.def Info: bodyfigures/Figure3_HeatMap.jpg used on input line 317
.
(pdftex.def)             Requested size: 432.48048pt x 144.15147pt.

Underfull \vbox (badness 7704) has occurred while \output is active []



Package Fancyhdr Warning: \headheight is too small (12.0pt): 
 Make it at least 12.98491pt.
 We now make it that large for the rest of the document.
 This may cause the page layout to be inconsistent, however.

[14pdfTeX warning (ext4): destination with the same identifier (name{figure.3.2
}) has been already used, duplicate ignored

\@EveryShipout@Output ...@Org@Shipout \box \@cclv 
                                                  
l.328 
      pdfTeX warning (ext4): destination with the same identifier (name{figure.
3.3}) has been already used, duplicate ignored

\@EveryShipout@Output ...@Org@Shipout \box \@cclv 
                                                  
l.328 
       <D:/OneDrive/A_Study/A6_DataMining/数统院+杜兴兴+112020314201385/0
3_latex/bodyfigures/Figure2_Bar.jpg> <D:/OneDrive/A_Study/A6_DataMining/数统
+杜兴兴+112020314201385/03_latex/bodyfigures/Figure3_HeatMap.jpg>]
Overfull \hbox (1.65572pt too wide) in paragraph at lines 333--365
 [][][] 
 []


Package Fancyhdr Warning: \headheight is too small (12.0pt): 
 Make it at least 12.98491pt.
 We now make it that large for the rest of the document.
 This may cause the page layout to be inconsistent, however.

[15pdfTeX warning (ext4): destination with the same identifier (name{table.3.1}
) has been already used, duplicate ignored

\@EveryShipout@Output ...@Org@Shipout \box \@cclv 
                                                  
l.368 
      ] <bodyfigures/Figure4_Plot.jpg, id=420, 1445.4pt x 1084.05pt>
File: bodyfigures/Figure4_Plot.jpg Graphic file (type jpg)

<use bodyfigures/Figure4_Plot.jpg>
Package pdftex.def Info: bodyfigures/Figure4_Plot.jpg used on input line 371.
(pdftex.def)             Requested size: 386.96024pt x 290.21622pt.

Underfull \vbox (badness 1552) has occurred while \output is active []



Package Fancyhdr Warning: \headheight is too small (12.0pt): 
 Make it at least 12.98491pt.
 We now make it that large for the rest of the document.
 This may cause the page layout to be inconsistent, however.

[16pdfTeX warning (ext4): destination with the same identifier (name{figure.3.4
}) has been already used, duplicate ignored

\@EveryShipout@Output ...@Org@Shipout \box \@cclv 
                                                  
l.449 
       <D:/OneDrive/A_Study/A6_DataMining/数统院+杜兴兴+112020314201385/0
3_latex/bodyfigures/Figure4_Plot.jpg>]
Underfull \vbox (badness 10000) has occurred while \output is active []



LaTeX Warning: File ot145.cmap not found on input line 513.


Package Fancyhdr Warning: \headheight is too small (12.0pt): 
 Make it at least 12.98491pt.
 We now make it that large for the rest of the document.
 This may cause the page layout to be inconsistent, however.

[17pdfTeX warning (ext4): destination with the same identifier (name{table.3.2}
) has been already used, duplicate ignored

\@EveryShipout@Output ...@Org@Shipout \box \@cclv 
                                                  
l.513 
        Kģ͡ɭ֧֡硢Logistic ع6...
]
Underfull \vbox (badness 10000) has occurred while \output is active []



Package Fancyhdr Warning: \headheight is too small (12.0pt): 
 Make it at least 12.98491pt.
 We now make it that large for the rest of the document.
 This may cause the page layout to be inconsistent, however.

[18pdfTeX warning (ext4): destination with the same identifier (name{table.3.3}
) has been already used, duplicate ignored

\@EveryShipout@Output ...@Org@Shipout \box \@cclv 
                                                  
l.576 \end{table}
                 %]
Underfull \vbox (badness 10000) has occurred while \output is active []



Package Fancyhdr Warning: \headheight is too small (12.0pt): 
 Make it at least 12.98491pt.
 We now make it that large for the rest of the document.
 This may cause the page layout to be inconsistent, however.

[19pdfTeX warning (ext4): destination with the same identifier (name{table.3.4}
) has been already used, duplicate ignored

\@EveryShipout@Output ...@Org@Shipout \box \@cclv 
                                                  
l.652 \end{table}
                 %]

Package Fancyhdr Warning: \headheight is too small (12.0pt): 
 Make it at least 12.98491pt.
 We now make it that large for the rest of the document.
 This may cause the page layout to be inconsistent, however.

[20pdfTeX warning (ext4): destination with the same identifier (name{table.3.5}
) has been already used, duplicate ignored

\@EveryShipout@Output ...@Org@Shipout \box \@cclv 
                                                  
l.654 
      ] <bodyfigures/All_Box.jpg, id=447, 1084.05pt x 1084.05pt>
File: bodyfigures/All_Box.jpg Graphic file (type jpg)

<use bodyfigures/All_Box.jpg>
Package pdftex.def Info: bodyfigures/All_Box.jpg used on input line 658.
(pdftex.def)             Requested size: 386.96024pt x 386.94945pt.

Underfull \vbox (badness 1033) has occurred while \output is active []



Package Fancyhdr Warning: \headheight is too small (12.0pt): 
 Make it at least 12.98491pt.
 We now make it that large for the rest of the document.
 This may cause the page layout to be inconsistent, however.

[21pdfTeX warning (ext4): destination with the same identifier (name{figure.3.5
}) has been already used, duplicate ignored

\@EveryShipout@Output ...@Org@Shipout \box \@cclv 
                                                  
l.664 
       <D:/OneDrive/A_Study/A6_DataMining/数统院+杜兴兴+112020314201385/0
3_latex/bodyfigures/All_Box.jpg>]

Package Fancyhdr Warning: \headheight is too small (12.0pt): 
 Make it at least 12.98491pt.
 We now make it that large for the rest of the document.
 This may cause the page layout to be inconsistent, however.

[22]
\hspace {1pt}4\hspace {1pt}

Underfull \vbox (badness 4013) has occurred while \output is active []

 [23

])

Package Fancyhdr Warning: \headheight is too small (12.0pt): 
 Make it at least 12.98491pt.
 We now make it that large for the rest of the document.
 This may cause the page layout to be inconsistent, however.

[24]
(D:\OneDrive\A_Study\A6_DataMining\数统院+杜兴兴+112020314201385\03_latex
\bibliography/biblio.tex<<c1905.cmap>>) [25



pdfTeX warning (ext4): destination with the same identifier (name{cite.Wang17})
 has been already used, duplicate ignored

\@EveryShipout@Output ...@Org@Shipout \box \@cclv 
                                                  
l.79 \include{bibliography/biblio}
                                  pdfTeX warning (ext4): destination with the s
ame identifier (name{cite.Wang17}) has been already used, duplicate ignored

\@EveryShipout@Output ...@Org@Shipout \box \@cclv 
                                                  
l.79 \include{bibliography/biblio}
                                  pdfTeX warning (ext4): destination with the s
ame identifier (name{cite.Wang17}) has been already used, duplicate ignored

\@EveryShipout@Output ...@Org@Shipout \box \@cclv 
                                                  
l.79 \include{bibliography/biblio}
                                  pdfTeX warning (ext4): destination with the s
ame identifier (name{cite.Wang17}) has been already used, duplicate ignored

\@EveryShipout@Output ...@Org@Shipout \box \@cclv 
                                                  
l.79 \include{bibliography/biblio}
                                  pdfTeX warning (ext4): destination with the s
ame identifier (name{cite.Wang17}) has been already used, duplicate ignored

\@EveryShipout@Output ...@Org@Shipout \box \@cclv 
                                                  
l.79 \include{bibliography/biblio}
                                  pdfTeX warning (ext4): destination with the s
ame identifier (name{cite.Wang17}) has been already used, duplicate ignored

\@EveryShipout@Output ...@Org@Shipout \box \@cclv 
                                                  
l.79 \include{bibliography/biblio}
                                  pdfTeX warning (ext4): destination with the s
ame identifier (name{cite.Wang17}) has been already used, duplicate ignored

\@EveryShipout@Output ...@Org@Shipout \box \@cclv 
                                                  
l.79 \include{bibliography/biblio}
                                  pdfTeX warning (ext4): destination with the s
ame identifier (name{cite.Wang17}) has been already used, duplicate ignored

\@EveryShipout@Output ...@Org@Shipout \box \@cclv 
                                                  
l.79 \include{bibliography/biblio}
                                  pdfTeX warning (ext4): destination with the s
ame identifier (name{cite.Wang17}) has been already used, duplicate ignored

\@EveryShipout@Output ...@Org@Shipout \box \@cclv 
                                                  
l.79 \include{bibliography/biblio}
                                  pdfTeX warning (ext4): destination with the s
ame identifier (name{cite.Wang17}) has been already used, duplicate ignored

\@EveryShipout@Output ...@Org@Shipout \box \@cclv 
                                                  
l.79 \include{bibliography/biblio}
                                  pdfTeX warning (ext4): destination with the s
ame identifier (name{cite.Wang17}) has been already used, duplicate ignored

\@EveryShipout@Output ...@Org@Shipout \box \@cclv 
                                                  
l.79 \include{bibliography/biblio}
                                  pdfTeX warning (ext4): destination with the s
ame identifier (name{cite.Wang17}) has been already used, duplicate ignored

\@EveryShipout@Output ...@Org@Shipout \box \@cclv 
                                                  
l.79 \include{bibliography/biblio}
                                  pdfTeX warning (ext4): destination with the s
ame identifier (name{cite.Wang17}) has been already used, duplicate ignored

\@EveryShipout@Output ...@Org@Shipout \box \@cclv 
                                                  
l.79 \include{bibliography/biblio}
                                  pdfTeX warning (ext4): destination with the s
ame identifier (name{cite.Wang17}) has been already used, duplicate ignored

\@EveryShipout@Output ...@Org@Shipout \box \@cclv 
                                                  
l.79 \include{bibliography/biblio}
                                  pdfTeX warning (ext4): destination with the s
ame identifier (name{cite.Wang17}) has been already used, duplicate ignored

\@EveryShipout@Output ...@Org@Shipout \box \@cclv 
                                                  
l.79 \include{bibliography/biblio}
                                  pdfTeX warning (ext4): destination with the s
ame identifier (name{cite.Wang17}) has been already used, duplicate ignored

\@EveryShipout@Output ...@Org@Shipout \box \@cclv 
                                                  
l.79 \include{bibliography/biblio}
                                  pdfTeX warning (ext4): destination with the s
ame identifier (name{cite.Wang17}) has been already used, duplicate ignored

\@EveryShipout@Output ...@Org@Shipout \box \@cclv 
                                                  
l.79 \include{bibliography/biblio}
                                  pdfTeX warning (ext4): destination with the s
ame identifier (name{cite.Wang17}) has been already used, duplicate ignored

\@EveryShipout@Output ...@Org@Shipout \box \@cclv 
                                                  
l.79 \include{bibliography/biblio}
                                  pdfTeX warning (ext4): destination with the s
ame identifier (name{cite.Wang17}) has been already used, duplicate ignored

\@EveryShipout@Output ...@Org@Shipout \box \@cclv 
                                                  
l.79 \include{bibliography/biblio}
                                  pdfTeX warning (ext4): destination with the s
ame identifier (name{cite.Wang17}) has been already used, duplicate ignored

\@EveryShipout@Output ...@Org@Shipout \box \@cclv 
                                                  
l.79 \include{bibliography/biblio}
                                  ]
(D:\OneDrive\A_Study\A6_DataMining\数统院+杜兴兴+112020314201385\03_latex
\appendix/code/Rcode.tex

Package Fancyhdr Warning: \headheight is too small (12.0pt): 
 Make it at least 12.98491pt.
 We now make it that large for the rest of the document.
 This may cause the page layout to be inconsistent, however.

[26



]
¼\hspace {0.25em plus 0.125em minus 0.08em}\ignorespaces A

Overfull \hbox (21.27997pt too wide) in paragraph at lines 6--52
 [][][] 
 []

[27]

Package Fancyhdr Warning: \headheight is too small (12.0pt): 
 Make it at least 12.98491pt.
 We now make it that large for the rest of the document.
 This may cause the page layout to be inconsistent, however.

[28

]
¼\hspace {0.25em plus 0.125em minus 0.08em}\ignorespaces B
) [29]

Package Fancyhdr Warning: \headheight is too small (12.0pt): 
 Make it at least 12.98491pt.
 We now make it that large for the rest of the document.
 This may cause the page layout to be inconsistent, however.

[30


] 
AED: lastpage setting LastPage
Package atveryend Info: Empty hook `BeforeClearDocument' on input line 96.
Package atveryend Info: Empty hook `AfterLastShipout' on input line 96.

(D:\OneDrive\A_Study\A6_DataMining\数统院+杜兴兴+112020314201385\03_latex
\thesisTemplateMain.aux
(D:\OneDrive\A_Study\A6_DataMining\数统院+杜兴兴+112020314201385\03_latex
\abstract/Chabstract.aux)
(D:\OneDrive\A_Study\A6_DataMining\数统院+杜兴兴+112020314201385\03_latex
\abstract/Enabstract.aux)
(D:\OneDrive\A_Study\A6_DataMining\数统院+杜兴兴+112020314201385\03_latex
\bodyfiles/zhengwen.aux)
(D:\OneDrive\A_Study\A6_DataMining\数统院+杜兴兴+112020314201385\03_latex
\bibliography/biblio.aux)
(D:\OneDrive\A_Study\A6_DataMining\数统院+杜兴兴+112020314201385\03_latex
\appendix/code/Rcode.aux))
Package atveryend Info: Executing hook `AtVeryEndDocument' on input line 96.
Package atveryend Info: Executing hook `AtEndAfterFileList' on input line 96.


Package rerunfilecheck Warning: File `thesisTemplateMain.out' has changed.
(rerunfilecheck)                Rerun to get outlines right
(rerunfilecheck)                or use package `bookmark'.

Package rerunfilecheck Info: Checksums for `thesisTemplateMain.out':
(rerunfilecheck)             Before: 64E67E087194370EEE837273F5BC09E5;5252
(rerunfilecheck)             After:  0D123A4BBBC1C8025863A1473CD62A25;2433.

LaTeX Font Warning: Size substitutions with differences
(Font)              up to 0.41pt have occurred.


LaTeX Warning: There were multiply-defined labels.

 ) 
Here is how much of TeX's memory you used:
 29519 strings out of 495354
 507593 string characters out of 3183187
 701936 words of memory out of 3000000
 31477 multiletter control sequences out of 15000+200000
 72543 words of font info for 256 fonts, out of 3000000 for 9000
 14 hyphenation exceptions out of 8191
 70i,13n,92p,1000b,1026s stack positions out of 5000i,500n,10000p,200000b,50000s
<C:/WINDOWS/Fonts/simsun.ttc><C:/WINDOWS/Fonts/simhei.ttf><C:/WINDOWS/Fonts/s
imhei.ttf><C:/WINDOWS/Fonts/simhei.ttf><C:/WINDOWS/Fonts/simhei.ttf><C:/WINDOWS
/Fonts/simhei.ttf><C:/WINDOWS/Fonts/simhei.ttf><C:/WINDOWS/Fonts/simhei.ttf><C:
/WINDOWS/Fonts/simhei.ttf><C:/WINDOWS/Fonts/simhei.ttf><C:/WINDOWS/Fonts/simsun
.ttc><C:/WINDOWS/Fonts/simhei.ttf><C:/WINDOWS/Fonts/simhei.ttf><C:/WINDOWS/Font
s/simhei.ttf><C:/WINDOWS/Fonts/simsun.ttc><C:/WINDOWS/Fonts/simsun.ttc><C:/WIND
OWS/Fonts/simsun.ttc><C:/WINDOWS/Fonts/simsun.ttc><C:/WINDOWS/Fonts/simsun.ttc>
<C:/WINDOWS/Fonts/simsun.ttc><C:/WINDOWS/Fonts/simsun.ttc><C:/WINDOWS/Fonts/sim
sun.ttc><C:/WINDOWS/Fonts/simhei.ttf><C:/WINDOWS/Fonts/simhei.ttf><C:/WINDOWS/F
onts/simhei.ttf><C:/WINDOWS/Fonts/simhei.ttf><C:/WINDOWS/Fonts/simhei.ttf><C:/W
INDOWS/Fonts/simhei.ttf><C:/WINDOWS/Fonts/simhei.ttf><C:/WINDOWS/Fonts/simsun.t
tc><C:/WINDOWS/Fonts/simsun.ttc><C:/WINDOWS/Fonts/simhei.ttf><C:/WINDOWS/Fonts/
simsun.ttc><C:/WINDOWS/Fonts/simsun.ttc><C:/WINDOWS/Fonts/simsun.ttc><C:/WINDOW
S/Fonts/simsun.ttc><C:/WINDOWS/Fonts/simsun.ttc><C:/WINDOWS/Fonts/simsun.ttc><C
:/WINDOWS/Fonts/simsun.ttc><C:/WINDOWS/Fonts/simsun.ttc><C:/WINDOWS/Fonts/simsu
n.ttc><C:/WINDOWS/Fonts/simsun.ttc><C:/WINDOWS/Fonts/simsun.ttc><C:/WINDOWS/Fon
ts/simsun.ttc><C:/WINDOWS/Fonts/simsun.ttc><C:/WINDOWS/Fonts/simsun.ttc><C:/WIN
DOWS/Fonts/simsun.ttc><C:/WINDOWS/Fonts/simhei.ttf><C:/WINDOWS/Fonts/simhei.ttf
><C:/WINDOWS/Fonts/simhei.ttf><C:/WINDOWS/Fonts/simhei.ttf><C:/WINDOWS/Fonts/si
msun.ttc><C:/WINDOWS/Fonts/simsun.ttc><C:/WINDOWS/Fonts/simsun.ttc><C:/WINDOWS/
Fonts/simsun.ttc><C:/WINDOWS/Fonts/simsun.ttc><C:/WINDOWS/Fonts/simsun.ttc><C:/
WINDOWS/Fonts/simsun.ttc><C:/WINDOWS/Fonts/simsun.ttc><C:/WINDOWS/Fonts/simhei.
ttf><C:/WINDOWS/Fonts/simhei.ttf><C:/WINDOWS/Fonts/simhei.ttf><C:/WINDOWS/Fonts
/simhei.ttf><C:/WINDOWS/Fonts/simhei.ttf><C:/WINDOWS/Fonts/simhei.ttf><D:/Progr
amData/CTEX/MiKTeX/fonts/type1/public/amsfonts/cm/cmbx10.pfb><D:/ProgramData/CT
EX/MiKTeX/fonts/type1/public/amsfonts/cm/cmbx12.pfb><D:/ProgramData/CTEX/MiKTeX
/fonts/type1/public/amsfonts/cm/cmex10.pfb><D:/ProgramData/CTEX/MiKTeX/fonts/ty
pe1/public/amsfonts/cm/cmmi12.pfb><D:/ProgramData/CTEX/MiKTeX/fonts/type1/publi
c/amsfonts/cm/cmmi6.pfb><D:/ProgramData/CTEX/MiKTeX/fonts/type1/public/amsfonts
/cm/cmmi8.pfb><D:/ProgramData/CTEX/MiKTeX/fonts/type1/public/amsfonts/cm/cmr10.
pfb><D:/ProgramData/CTEX/MiKTeX/fonts/type1/public/amsfonts/cm/cmr12.pfb><D:/Pr
ogramData/CTEX/MiKTeX/fonts/type1/public/amsfonts/cm/cmr17.pfb><D:/ProgramData/
CTEX/MiKTeX/fonts/type1/public/amsfonts/cm/cmr6.pfb><D:/ProgramData/CTEX/MiKTeX
/fonts/type1/public/amsfonts/cm/cmr8.pfb><D:/ProgramData/CTEX/MiKTeX/fonts/type
1/public/amsfonts/cm/cmr9.pfb><D:/ProgramData/CTEX/MiKTeX/fonts/type1/public/am
sfonts/cm/cmsy10.pfb><D:/ProgramData/CTEX/MiKTeX/fonts/type1/public/amsfonts/cm
/cmsy6.pfb><D:/ProgramData/CTEX/MiKTeX/fonts/type1/public/amsfonts/cm/cmsy8.pfb
><D:/ProgramData/CTEX/MiKTeX/fonts/type1/public/amsfonts/cm/cmti10.pfb>
Output written on thesisTemplateMain.pdf (34 pages, 13869244 bytes).
PDF statistics:
 766 PDF objects out of 1000 (max. 8388607)
 103 named destinations out of 1000 (max. 500000)
 506 words of extra memory for PDF output out of 10000 (max. 10000000)

