\BOOKMARK [0][]{Doc-Start}{\376\377\144\130\211\201}{}% 1
\BOOKMARK [0][]{Doc-Start}{\376\377\000\101\000\102\000\123\000\124\000\122\000\101\000\103\000\124}{}% 2
\BOOKMARK [0][]{chapter.1}{\376\377\173\054\000\040\000\061\000\040\172\340\000\040\000\040\176\352\213\272}{}% 3
\BOOKMARK [1][]{section.1.1}{\376\377\000\061\000\056\000\061\000\040\170\024\172\166\200\314\146\157}{chapter.1}% 4
\BOOKMARK [1][]{section.1.2}{\376\377\000\061\000\056\000\062\000\040\170\024\172\166\163\260\162\266}{chapter.1}% 5
\BOOKMARK [1][]{section.1.3}{\376\377\000\061\000\056\000\063\000\040\147\054\145\207\140\035\215\357}{chapter.1}% 6
\BOOKMARK [0][]{chapter.2}{\376\377\173\054\000\040\000\062\000\040\172\340\000\040\000\040\145\271\154\325\116\016\145\160\143\156}{}% 7
\BOOKMARK [1][]{section.2.1}{\376\377\000\062\000\056\000\061\000\040\122\006\147\220\213\364\146\016}{chapter.2}% 8
\BOOKMARK [1][]{section.2.2}{\376\377\000\062\000\056\000\062\000\040\145\271\154\325\213\364\146\016}{chapter.2}% 9
\BOOKMARK [2][]{subsection.2.2.1}{\376\377\000\062\000\056\000\062\000\056\000\061\000\040\000\113\147\000\217\321\220\273\154\325}{section.2.2}% 10
\BOOKMARK [2][]{subsection.2.2.2}{\376\377\000\062\000\056\000\062\000\056\000\062\000\040\121\263\173\126\150\021}{section.2.2}% 11
\BOOKMARK [2][]{subsection.2.2.3}{\376\377\000\062\000\056\000\062\000\056\000\063\000\040\226\217\147\072\150\356\147\227}{section.2.2}% 12
\BOOKMARK [2][]{subsection.2.2.4}{\376\377\000\062\000\056\000\062\000\056\000\064\000\040\145\057\143\001\124\021\221\317\147\072}{section.2.2}% 13
\BOOKMARK [2][]{subsection.2.2.5}{\376\377\000\062\000\056\000\062\000\056\000\065\000\040\171\136\176\317\177\121\176\334}{section.2.2}% 14
\BOOKMARK [2][]{subsection.2.2.6}{\376\377\000\062\000\056\000\062\000\056\000\066\000\040\000\114\000\157\000\147\000\151\000\163\000\164\000\151\000\143\126\336\137\122}{section.2.2}% 15
\BOOKMARK [1][]{section.2.3}{\376\377\000\062\000\056\000\063\000\040\213\304\117\060\145\271\154\325}{chapter.2}% 16
\BOOKMARK [2][]{subsection.2.3.1}{\376\377\000\062\000\056\000\063\000\056\000\061\000\040\174\276\121\306\163\207}{section.2.3}% 17
\BOOKMARK [2][]{subsection.2.3.2}{\376\377\000\062\000\056\000\063\000\056\000\062\000\040\123\354\126\336\163\207}{section.2.3}% 18
\BOOKMARK [2][]{subsection.2.3.3}{\376\377\000\062\000\056\000\063\000\056\000\063\000\040\000\106\000\061\213\304\122\006}{section.2.3}% 19
\BOOKMARK [2][]{subsection.2.3.4}{\376\377\000\062\000\056\000\063\000\056\000\064\000\040\145\057\143\001\136\246}{section.2.3}% 20
\BOOKMARK [2][]{subsection.2.3.5}{\376\377\000\062\000\056\000\063\000\056\000\065\000\040\000\113\142\230\116\244\123\311\232\214\213\301}{section.2.3}% 21
\BOOKMARK [1][]{section.2.4}{\376\377\000\062\000\056\000\064\000\040\145\160\143\156\213\364\146\016}{chapter.2}% 22
\BOOKMARK [1][]{section.2.5}{\376\377\000\062\000\056\000\065\000\040\145\160\143\156\131\004\164\006}{chapter.2}% 23
\BOOKMARK [2][]{subsection.2.5.1}{\376\377\000\062\000\056\000\065\000\056\000\061\000\040\145\340\145\110\145\160\143\156\131\004\164\006}{section.2.5}% 24
\BOOKMARK [2][]{subsection.2.5.2}{\376\377\000\062\000\056\000\065\000\056\000\062\000\040\177\072\131\061\120\074\131\004\164\006}{section.2.5}% 25
\BOOKMARK [2][]{subsection.2.5.3}{\376\377\000\062\000\056\000\065\000\056\000\063\000\040\171\273\145\143\123\026\131\004\164\006}{section.2.5}% 26
\BOOKMARK [2][]{subsection.2.5.4}{\376\377\000\062\000\056\000\065\000\056\000\064\000\040\123\330\221\317\220\011\123\326\131\004\164\006}{section.2.5}% 27
\BOOKMARK [2][]{subsection.2.5.5}{\376\377\000\062\000\056\000\065\000\056\000\065\000\040\137\122\116\000\123\026\131\004\164\006}{section.2.5}% 28
\BOOKMARK [2][]{subsection.2.5.6}{\376\377\000\062\000\056\000\065\000\056\000\066\000\040\145\160\143\156\226\306\122\022\122\006\131\004\164\006}{section.2.5}% 29
\BOOKMARK [0][]{chapter.3}{\376\377\173\054\000\040\000\063\000\040\172\340\000\040\000\040\176\323\147\234}{}% 30
\BOOKMARK [1][]{section.3.1}{\376\377\000\063\000\056\000\061\000\040\145\160\143\156\143\317\217\360}{chapter.3}% 31
\BOOKMARK [2][]{subsection.3.1.1}{\376\377\000\063\000\056\000\061\000\056\000\061\000\040\163\260\162\266\122\006\147\220}{section.3.1}% 32
\BOOKMARK [2][]{subsection.3.1.2}{\376\377\000\063\000\056\000\061\000\056\000\062\000\040\203\157\162\151\171\315\174\173\122\022\122\006}{section.3.1}% 33
\BOOKMARK [1][]{section.3.2}{\376\377\000\063\000\056\000\062\000\040\136\224\165\050\152\041\127\213}{chapter.3}% 34
\BOOKMARK [1][]{section.3.3}{\376\377\000\063\000\056\000\063\000\040\152\041\127\213\213\304\117\060}{chapter.3}% 35
\BOOKMARK [0][]{chapter.4}{\376\377\173\054\000\040\000\064\000\040\172\340\000\040\000\040\176\323\213\272}{}% 36
\BOOKMARK [0][]{chapter.4}{\376\377\123\302\200\003\145\207\163\056}{}% 37
\BOOKMARK [0][]{appendix.A}{\376\377\226\104\137\125\000\040\000\101\000\040\000\040\123\330\221\317\150\007\173\176\211\343\221\312}{}% 38
\BOOKMARK [0][]{appendix.B}{\376\377\226\104\137\125\000\040\000\102\000\040\000\040\000\062\000\060\000\061\000\060\000\055\000\062\000\060\000\061\000\066\136\164\124\004\134\136\140\047\166\204\166\370\121\163\174\373\145\160}{}% 39
